Test 29 using tmp-path: /tmp/pytest-of-mdmitry/pytest-73/popen-gw5/test0
============================= test session starts ==============================
platform linux -- Python 3.12.3, pytest-9.0.2, pluggy-1.6.0 -- /usr/bin/python3
cachedir: .pytest_cache
rootdir: /home/mdmitry/github/smlp_regr-pytest_my/scripts/venv/smlp_package_venv/smlp
configfile: pyproject.toml
plugins: xdist-3.8.0, dash-4.1.0, mock-3.12.0
created: 8/8 workers
8 workers [234 items]

scheduling tests via LoadScheduling

test_cmdline.py::Test29::test smlp -data ../data/smlp_toy_cls_metasymbol_colnames_mult.csv -out_dir /tmp/pytest-of-mdmitry/pytest-73/popen-gw5/test0 -pref Test29 -mode subgroups -psg_dim 3 -psg_top 10 -resp 'PF 1,PF#' -plots t -seed 10 -log_time f

test_cmdline.py::Test1::test 
test_cmdline.py::Test15::test 
test_cmdline.py::Test36::test Test 1 using tmp-path: /tmp/pytest-of-mdmitry/pytest-73/popen-gw1/test0
Test 15 using tmp-path: /tmp/pytest-of-mdmitry/pytest-73/popen-gw3/test0
Test 50 using tmp-path: /tmp/pytest-of-mdmitry/pytest-73/popen-gw7/test0
Test 36 using tmp-path: /tmp/pytest-of-mdmitry/pytest-73/popen-gw4/test0
smlp -model_name ../models/Test5_smlp_toy_num_resp_mult -out_dir /tmp/pytest-of-mdmitry/pytest-73/popen-gw3/test0 -pref Test15 -mode predict -resp y1 -feat x,p1,p2 -model dt_caret -save_model f -use_model t -mrmr_pred 0 -plots f -pred_plots f -resp_plots f -seed 10 -log_time f -new_dat ../data/smlp_toy_num_resp_mult_pred_labeled.csv
test_cmdline.py::Test22::test 
test_cmdline.py::Test8::test smlp -doe_spec ../grids/doe_four_levels_real.csv -out_dir /tmp/pytest-of-mdmitry/pytest-73/popen-gw4/test0 -pref Test36 -mode doe -doe_algo sukharev_grid -doe_samples 125 -log_time f

test_cmdline.py::Test43::test 
test_cmdline.py::Test50::test smlp -data ../data/smlp_toy_num_resp_mult.csv -out_dir /tmp/pytest-of-mdmitry/pytest-73/popen-gw1/test0 -pref Test1 -mode train -resp y1 -feat x,p1,p2 -model dt_caret -save_model_config f -mrmr_pred 0 -plots f -seed 10 -log_time f
Test 22 using tmp-path: /tmp/pytest-of-mdmitry/pytest-73/popen-gw2/test0
smlp -model_name ../models/test22_model -out_dir /tmp/pytest-of-mdmitry/pytest-73/popen-gw2/test0 -pref Test22 -mode predict -resp 'PF ,|PF |' -model poly_sklearn -save_model f -use_model t -pred_plots t -resp_plots t -data_scaler none -mrmr_pred 0 -plots f -seed 10 -log_time f -new_dat ../data/smlp_toy_num_metasymbol_mult_reg_pred_labeled.csv

Test 43 using tmp-path: /tmp/pytest-of-mdmitry/pytest-73/popen-gw6/test0Test 8 using tmp-path: /tmp/pytest-of-mdmitry/pytest-73/popen-gw0/test0
smlp -data ../data/smlp_toy_num_resp_mult.csv -out_dir /tmp/pytest-of-mdmitry/pytest-73/popen-gw0/test0 -pref Test8 -mode predict -resp y1,y2 -feat x,p1,p2 -model nn_keras -save_model_config f -mrmr_pred 0 -plots f -pred_plots f -resp_plots f -seed 10 -nn_keras_epochs 20 -nn_keras_seq_api f -log_time f -new_dat ../data/smlp_toy_num_resp_mult_pred_labeled.csv
smlp -doe_spec ../grids/doe_two_levels.csv -out_dir /tmp/pytest-of-mdmitry/pytest-73/popen-gw6/test0 -pref Test43 -mode doe -doe_algo halton_sequence -doe_samples 20 -log_time f
smlp -data ../data/smlp_toy_mult_discr.csv -out_dir /tmp/pytest-of-mdmitry/pytest-73/popen-gw7/test0 -pref Test50 -mode discretize -resp PF,PF1 -discr_algo kmeans -discr_bins 6 -discr_labels t -discr_type ordered -data_scaler none -mrmr_pred 0 -plots f -seed 10 -log_time f -pos_val fail -neg_val pass


[gw4] PASSED test_cmdline.py::Test36::test 
test_cmdline.py::Test37::test Test 37 using tmp-path: /tmp/pytest-of-mdmitry/pytest-73/popen-gw4/test1
smlp -doe_spec ../grids/doe_three_levels_real_nan.csv -out_dir /tmp/pytest-of-mdmitry/pytest-73/popen-gw4/test1 -pref Test37 -mode doe -doe_algo box_behnken -log_time f

[gw7] PASSED test_cmdline.py::Test50::test 
test_cmdline.py::Test51::test Test 51 using tmp-path: /tmp/pytest-of-mdmitry/pytest-73/popen-gw7/test1
smlp -data ../data/smlp_toy_mult_discr.csv -out_dir /tmp/pytest-of-mdmitry/pytest-73/popen-gw7/test1 -pref Test51 -mode discretize -resp PF,PF1 -discr_algo jenks -discr_bins 6 -discr_labels f -discr_type integer -data_scaler none -mrmr_pred 0 -plots f -seed 10 -log_time f -pos_val fail -neg_val pass

[gw6] PASSED test_cmdline.py::Test43::test 
test_cmdline.py::Test44::test 
[gw5] PASSED test_cmdline.py::Test29::test Test 44 using tmp-path: /tmp/pytest-of-mdmitry/pytest-73/popen-gw6/test1
smlp -doe_spec ../grids/doe_two_levels.csv -out_dir /tmp/pytest-of-mdmitry/pytest-73/popen-gw6/test1 -pref Test44 -mode doe -doe_algo uniform_random_matrix -doe_samples 20 -log_time f
Test 30 using tmp-path: /tmp/pytest-of-mdmitry/pytest-73/popen-gw5/test1
test_cmdline.py::Test30::test 
smlp -data ../data/smlp_toy_num_resp_mult.csv -out_dir /tmp/pytest-of-mdmitry/pytest-73/popen-gw5/test1 -pref Test30 -mode subgroups -psg_dim 3 -psg_top 10 -resp y1,y2 -feat x,p1,p2 -plots t -seed 10 -log_time f

[gw3] PASSED test_cmdline.py::Test15::test 
test_cmdline.py::Test16::test Test 16 using tmp-path: /tmp/pytest-of-mdmitry/pytest-73/popen-gw3/test1
smlp -model_name ../models/Test8_smlp_toy_num_resp_mult -out_dir /tmp/pytest-of-mdmitry/pytest-73/popen-gw3/test1 -pref Test16 -mode predict -resp y1,y2 -feat x,p1,p2 -model nn_keras -save_model f -use_model t -mrmr_pred 0 -plots f -pred_plots f -resp_plots f -seed 10 -log_time f -new_dat ../data/smlp_toy_num_resp_mult_pred_labeled.csv

[gw2] PASSED test_cmdline.py::Test22::test 
test_cmdline.py::Test23::test Test 23 using tmp-path: /tmp/pytest-of-mdmitry/pytest-73/popen-gw2/test1
smlp -data ../data/smlp_toy_num_resp_mult.csv -out_dir /tmp/pytest-of-mdmitry/pytest-73/popen-gw2/test1 -pref Test23 -mode predict -resp y1,y2 -feat x,p1,p2 -model dt_sklearn -dt_sklearn_max_depth 15 -save_model t -use_model f -model_name test24_model -model_per_response t -mrmr_pred 0 -plots f -pred_plots f -resp_plots f -seed 10 -log_time f -new_dat ../data/smlp_toy_num_resp_mult_pred_labeled.csv

[gw0] PASSED test_cmdline.py::Test8::test 
test_cmdline.py::Test9::test Test 9 using tmp-path: /tmp/pytest-of-mdmitry/pytest-73/popen-gw0/test1
smlp -data ../data/smlp_toy_num_resp_mult.csv -out_dir /tmp/pytest-of-mdmitry/pytest-73/popen-gw0/test1 -pref Test9 -mode predict -resp y1,y2 -feat x,p1,p2 -model dt_sklearn -dt_sklearn_max_depth 15 -save_model t -model_name test20_model -data_scaler none -mrmr_pred 0 -plots f -pred_plots f -resp_plots f -seed 10 -log_time f -save_config t -save_model_config t -new_dat ../data/smlp_toy_num_resp_mult_pred_labeled.csv

[gw4] PASSED test_cmdline.py::Test37::test 
test_cmdline.py::Test38::test Test 38 using tmp-path: /tmp/pytest-of-mdmitry/pytest-73/popen-gw4/test2
smlp -doe_spec ../grids/doe_two_levels.csv -out_dir /tmp/pytest-of-mdmitry/pytest-73/popen-gw4/test2 -pref Test38 -mode doe -doe_algo box_wilson -doe_cc_face ccc -doe_cc_alpha r -doe_cc_center 2,3 -log_time f

[gw6] PASSED test_cmdline.py::Test44::test 
test_cmdline.py::Test45::test Test 45 using tmp-path: /tmp/pytest-of-mdmitry/pytest-73/popen-gw6/test2
smlp -doe_spec ../grids/doe_two_levels_real.csv -out_dir /tmp/pytest-of-mdmitry/pytest-73/popen-gw6/test2 -pref Test45 -mode doe -doe_algo fractional_factorial -doe_resolution 5 -log_time f

[gw7] PASSED test_cmdline.py::Test51::test 
test_cmdline.py::Test52::test Test 52 using tmp-path: /tmp/pytest-of-mdmitry/pytest-73/popen-gw7/test2
smlp -data ../data/smlp_toy_mult_discr.csv -out_dir /tmp/pytest-of-mdmitry/pytest-73/popen-gw7/test2 -pref Test52 -mode discretize -resp PF,PF1 -discr_algo jenks -discr_bins 6 -discr_labels t -discr_type ordered -data_scaler none -mrmr_pred 0 -plots f -seed 10 -log_time f -pos_val fail -neg_val pass

[gw5] PASSED test_cmdline.py::Test30::test 
test_cmdline.py::Test31::test Test 31 using tmp-path: /tmp/pytest-of-mdmitry/pytest-73/popen-gw5/test2
smlp -data ../data/smlp_toy_num_resp_mult.csv -out_dir /tmp/pytest-of-mdmitry/pytest-73/popen-gw5/test2 -pref Test31 -mode subgroups -psg_dim 3 -psg_top 10 -resp y1,y2 -resp2b 'y1<6;y2>6' -feat x,p1,p2 -plots t -seed 10 -log_time f -save_config t

[gw2] PASSED test_cmdline.py::Test23::test 
test_cmdline.py::Test24::test Test 24 using tmp-path: /tmp/pytest-of-mdmitry/pytest-73/popen-gw2/test2
smlp -model_name ../models/test24_model -out_dir /tmp/pytest-of-mdmitry/pytest-73/popen-gw2/test2 -pref Test24 -mode predict -resp y1,y2 -feat x,p1,p2 -model dt_sklearn -dt_sklearn_max_depth 15 -save_model f -use_model t -model_per_response t -mrmr_pred 0 -plots f -pred_plots f -resp_plots f -seed 10 -log_time f -new_dat ../data/smlp_toy_num_resp_mult_pred_labeled.csv

[gw3] PASSED test_cmdline.py::Test16::test 
test_cmdline.py::Test17::test Test 17 using tmp-path: /tmp/pytest-of-mdmitry/pytest-73/popen-gw3/test2
smlp -model_name ../models/Test11_smlp_toy_num_resp_mult -out_dir /tmp/pytest-of-mdmitry/pytest-73/popen-gw3/test2 -pref Test17 -mode predict -resp y1,y2 -feat x,p1,p2 -model poly_sklearn -save_model f -use_model t -mrmr_pred 0 -plots f -pred_plots f -resp_plots f -seed 10 -log_time f -new_dat ../data/smlp_toy_num_resp_mult_pred_labeled.csv

[gw1] PASSED test_cmdline.py::Test1::test 
test_cmdline.py::Test2::test Test 2 using tmp-path: /tmp/pytest-of-mdmitry/pytest-73/popen-gw1/test1
smlp -data ../data/smlp_toy_num_resp_mult.csv -out_dir /tmp/pytest-of-mdmitry/pytest-73/popen-gw1/test1 -pref Test2 -mode predict -resp y1 -feat x,p1,p2 -model rf_sklearn -rf_sklearn_max_depth 15 -save_model_config f -mrmr_pred 0 -plots f -seed 10 -log_time f -new_dat ../data/smlp_toy_num_resp_mult_pred_labeled.csv

[gw0] PASSED test_cmdline.py::Test9::test Test 10 using tmp-path: /tmp/pytest-of-mdmitry/pytest-73/popen-gw0/test2
test_cmdline.py::Test10::test 
smlp -data ../data/smlp_toy_num_resp_mult.csv -out_dir /tmp/pytest-of-mdmitry/pytest-73/popen-gw0/test2 -pref Test10 -mode predict -resp y1,y2 -feat x,p1,p2 -model et_sklearn -et_sklearn_max_depth 15 -et_sklearn_bootstrap f -save_model_config f -mrmr_pred 0 -plots f -pred_plots f -resp_plots f -seed 10 -log_time f -new_dat ../data/smlp_toy_num_resp_mult_pred_labeled.csv

[gw4] PASSED test_cmdline.py::Test38::test 
test_cmdline.py::Test39::test Test 39 using tmp-path: /tmp/pytest-of-mdmitry/pytest-73/popen-gw4/test3
smlp -doe_spec ../grids/doe_two_levels.csv -out_dir /tmp/pytest-of-mdmitry/pytest-73/popen-gw4/test3 -pref Test39 -mode doe -doe_algo latin_hypercube -doe_prob_distr Exponential -doe_samples 30 -log_time f

[gw5] PASSED test_cmdline.py::Test31::test 
test_cmdline.py::Test32::test Test 32 using tmp-path: /tmp/pytest-of-mdmitry/pytest-73/popen-gw5/test3
smlp -model_name ../models/test20_model -out_dir /tmp/pytest-of-mdmitry/pytest-73/popen-gw5/test3 -pref Test32 -config ../models/test20_model_rerun_model_config.json -new_dat ../data/smlp_toy_num_resp_mult_pred_labeled.csv

[gw6] PASSED test_cmdline.py::Test45::test 
test_cmdline.py::Test46::test Test 46 using tmp-path: /tmp/pytest-of-mdmitry/pytest-73/popen-gw6/test3
smlp -data ../data/smlp_toy_pf_mult.csv -out_dir /tmp/pytest-of-mdmitry/pytest-73/popen-gw6/test3 -pref Test46 -mode predict -resp PF,PF1 -model poly_sklearn -save_model t -save_model_config f -use_model f -model_name test47_model -data_scaler none -mrmr_pred 0 -plots f -pred_plots f -resp_plots f -seed 10 -log_time f -pos_val fail -neg_val pass -new_dat ../data/smlp_toy_pf_mult.csv

[gw7] PASSED test_cmdline.py::Test52::test Test 53 using tmp-path: /tmp/pytest-of-mdmitry/pytest-73/popen-gw7/test3
smlp -data ../data/smlp_toy_mult_discr.csv -out_dir /tmp/pytest-of-mdmitry/pytest-73/popen-gw7/test3 -pref Test53 -mode discretize -resp PF,PF1 -discr_algo ordinals -discr_bins 6 -discr_labels f -discr_type integer -data_scaler none -mrmr_pred 0 -plots f -seed 10 -log_time f -pos_val fail -neg_val pass

test_cmdline.py::Test53::test 
[gw2] PASSED test_cmdline.py::Test24::test 
test_cmdline.py::Test25::test Test 25 using tmp-path: /tmp/pytest-of-mdmitry/pytest-73/popen-gw2/test3
smlp -data ../data/smlp_toy_num_resp_mult.csv -out_dir /tmp/pytest-of-mdmitry/pytest-73/popen-gw2/test3 -pref Test25 -mode predict -resp y1,y2 -feat x,p1,p2 -model dt_sklearn -dt_sklearn_max_depth 15 -save_model t -use_model f -model_name test26_model -mrmr_pred 2 -plots f -pred_plots f -resp_plots f -seed 10 -log_time f -new_dat ../data/smlp_toy_num_resp_mult_pred_labeled.csv

[gw3] PASSED test_cmdline.py::Test17::test 
test_cmdline.py::Test18::test Test 18 using tmp-path: /tmp/pytest-of-mdmitry/pytest-73/popen-gw3/test3
smlp -data ../data/smlp_toy_num_resp_mult.csv -out_dir /tmp/pytest-of-mdmitry/pytest-73/popen-gw3/test3 -pref Test18 -mode predict -resp y1,y2 -feat x,p1,p2 -model dt_sklearn -dt_sklearn_max_depth 15 -save_model t -use_model f -model_name test19_model -mrmr_pred 0 -plots f -pred_plots f -resp_plots f -seed 10 -log_time f -new_dat ../data/smlp_toy_num_resp_mult_pred_labeled.csv

[gw0] PASSED test_cmdline.py::Test10::test 
test_cmdline.py::Test11::test Test 11 using tmp-path: /tmp/pytest-of-mdmitry/pytest-73/popen-gw0/test3
smlp -data ../data/smlp_toy_num_resp_mult.csv -out_dir /tmp/pytest-of-mdmitry/pytest-73/popen-gw0/test3 -pref Test11 -mode predict -resp y1,y2 -feat x,p1,p2 -model poly_sklearn -save_model_config f -mrmr_pred 0 -plots f -pred_plots f -resp_plots f -seed 10 -log_time f -new_dat ../data/smlp_toy_num_resp_mult_pred_labeled.csv

[gw1] PASSED test_cmdline.py::Test2::test 
test_cmdline.py::Test3::test Test 3 using tmp-path: /tmp/pytest-of-mdmitry/pytest-73/popen-gw1/test2
smlp -data ../data/smlp_toy_num_resp_mult.csv -out_dir /tmp/pytest-of-mdmitry/pytest-73/popen-gw1/test2 -pref Test3 -mode predict -resp y1 -feat x,p1,p2 -model poly_sklearn -save_model_config f -mrmr_pred 0 -plots f -pred_plots f -resp_plots f -seed 10 -log_time f -new_dat ../data/smlp_toy_num_resp_mult_pred_unlabeled.csv

[gw4] PASSED test_cmdline.py::Test39::test 
test_cmdline.py::Test40::test Test 40 using tmp-path: /tmp/pytest-of-mdmitry/pytest-73/popen-gw4/test4
smlp -doe_spec ../grids/doe_two_levels.csv -out_dir /tmp/pytest-of-mdmitry/pytest-73/popen-gw4/test4 -pref Test40 -mode doe -doe_algo latin_hypercube_sf -doe_samples 20 -log_time f

[gw6] PASSED test_cmdline.py::Test46::test 
test_cmdline.py::Test47::test Test 47 using tmp-path: /tmp/pytest-of-mdmitry/pytest-73/popen-gw6/test4
smlp -model_name ../models/test47_model -out_dir /tmp/pytest-of-mdmitry/pytest-73/popen-gw6/test4 -pref Test47 -mode predict -resp PF,PF1 -model poly_sklearn -save_model f -use_model t -data_scaler none -mrmr_pred 0 -plots f -pred_plots f -resp_plots f -seed 10 -log_time f -pos_val fail -neg_val pass -new_dat ../data/smlp_toy_pf_mult.csv

[gw5] PASSED test_cmdline.py::Test32::test 
test_cmdline.py::Test33::test Test 33 using tmp-path: /tmp/pytest-of-mdmitry/pytest-73/popen-gw5/test4
smlp -data ../data/smlp_toy_num_resp_mult.csv -out_dir /tmp/pytest-of-mdmitry/pytest-73/popen-gw5/test4 -pref Test33 -config ../models/Test31_smlp_toy_num_resp_mult_args_config.json

[gw7] PASSED test_cmdline.py::Test53::test 
test_cmdline.py::Test54::test Test 54 using tmp-path: /tmp/pytest-of-mdmitry/pytest-73/popen-gw7/test4
smlp -data ../data/smlp_toy_mult_discr.csv -out_dir /tmp/pytest-of-mdmitry/pytest-73/popen-gw7/test4 -pref Test54 -mode discretize -resp PF,PF1 -discr_algo ordinals -discr_bins 6 -discr_labels t -discr_type object -data_scaler none -mrmr_pred 0 -plots f -seed 10 -log_time f -pos_val fail -neg_val pass

[gw3] PASSED test_cmdline.py::Test18::test 
test_cmdline.py::Test19::test Test 19 using tmp-path: /tmp/pytest-of-mdmitry/pytest-73/popen-gw3/test4
smlp -model_name ../models/test19_model -out_dir /tmp/pytest-of-mdmitry/pytest-73/popen-gw3/test4 -pref Test19 -mode predict -resp y1,y2 -feat x,p1,p2 -model dt_sklearn -dt_sklearn_max_depth 15 -save_model f -use_model t -mrmr_pred 0 -plots f -pred_plots f -resp_plots f -seed 10 -log_time f -new_dat ../data/smlp_toy_num_resp_mult_pred_labeled.csv

[gw4] PASSED test_cmdline.py::Test40::test 
test_cmdline.py::Test41::test Test 41 using tmp-path: /tmp/pytest-of-mdmitry/pytest-73/popen-gw4/test5
smlp -doe_spec ../grids/doe_two_levels.csv -out_dir /tmp/pytest-of-mdmitry/pytest-73/popen-gw4/test5 -pref Test41 -mode doe -doe_algo random_k_means -doe_samples 20 -log_time f

[gw1] PASSED test_cmdline.py::Test3::test 
test_cmdline.py::Test4::test Test 4 using tmp-path: /tmp/pytest-of-mdmitry/pytest-73/popen-gw1/test3
smlp -data ../data/smlp_toy_num_resp_mult.csv -out_dir /tmp/pytest-of-mdmitry/pytest-73/popen-gw1/test3 -pref Test4 -mode predict -resp y2 -feat x,p1,p2 -model nn_keras -nn_keras_weights_precision 2 -save_model_config f -mrmr_pred 0 -plots f -pred_plots f -resp_plots f -seed 10 -log_time f -nn_keras_epochs 20 -nn_keras_seq_api f -new_dat ../data/smlp_toy_num_resp_mult_pred_labeled.csv

[gw0] PASSED test_cmdline.py::Test11::test 
test_cmdline.py::Test12::test Test 12 using tmp-path: /tmp/pytest-of-mdmitry/pytest-73/popen-gw0/test4
smlp -data ../data/smlp_toy_basic.csv -out_dir /tmp/pytest-of-mdmitry/pytest-73/popen-gw0/test4 -pref Test12 -mode train -resp y1,y2 -feat x1,x2,p1,p2 -model dt_sklearn -dt_sklearn_max_depth 15 -save_model_config f -mrmr_pred 0 -plots f -pred_plots f -resp_plots f -seed 10 -log_time f

[gw2] PASSED test_cmdline.py::Test25::test 
test_cmdline.py::Test26::test Test 26 using tmp-path: /tmp/pytest-of-mdmitry/pytest-73/popen-gw2/test4
smlp -model_name ../models/test26_model -out_dir /tmp/pytest-of-mdmitry/pytest-73/popen-gw2/test4 -pref Test26 -mode predict -resp y1,y2 -feat x,p1,p2 -model dt_sklearn -dt_sklearn_max_depth 15 -save_model f -use_model t -mrmr_pred 2 -plots f -pred_plots f -resp_plots f -seed 10 -log_time f -new_dat ../data/smlp_toy_num_resp_mult_pred_labeled.csv

[gw6] PASSED test_cmdline.py::Test47::test 
test_cmdline.py::Test48::test Test 48 using tmp-path: /tmp/pytest-of-mdmitry/pytest-73/popen-gw6/test5
smlp -data ../data/smlp_toy_mult_discr.csv -out_dir /tmp/pytest-of-mdmitry/pytest-73/popen-gw6/test5 -pref Test48 -mode discretize -resp PF,PF1 -discr_algo uniform -discr_bins 6 -discr_labels t -discr_type object -data_scaler none -mrmr_pred 0 -plots f -seed 10 -log_time f -pos_val fail -neg_val pass

[gw5] PASSED test_cmdline.py::Test33::test 
[gw7] PASSED test_cmdline.py::Test54::test 
test_cmdline.py::Test34::test 
test_cmdline.py::Test55::test Test 55 using tmp-path: /tmp/pytest-of-mdmitry/pytest-73/popen-gw7/test5
smlp -data ../data/smlp_toy_mult_discr.csv -out_dir /tmp/pytest-of-mdmitry/pytest-73/popen-gw7/test5 -pref Test55 -mode discretize -resp PF,PF1 -discr_algo ranks -discr_bins 6 -discr_labels t -discr_type category -data_scaler none -mrmr_pred 0 -plots f -seed 10 -log_time f -pos_val fail -neg_val pass
Test 34 using tmp-path: /tmp/pytest-of-mdmitry/pytest-73/popen-gw5/test5
smlp -doe_spec ../grids/doe_four_levels_real.csv -out_dir /tmp/pytest-of-mdmitry/pytest-73/popen-gw5/test5 -pref Test34 -mode doe -doe_algo full_factorial -log_time f

[gw3] PASSED test_cmdline.py::Test19::test 
test_cmdline.py::Test20::test Test 20 using tmp-path: /tmp/pytest-of-mdmitry/pytest-73/popen-gw3/test5
smlp -model_name ../models/test20_model -out_dir /tmp/pytest-of-mdmitry/pytest-73/popen-gw3/test5 -pref Test20 -mode predict -resp y1,y2 -feat x,p1,p2 -model dt_sklearn -dt_sklearn_max_depth 15 -save_model f -use_model t -data_scaler none -mrmr_pred 0 -plots f -pred_plots f -resp_plots f -seed 10 -log_time f -new_dat ../data/smlp_toy_num_resp_mult_pred_labeled.csv

[gw4] PASSED test_cmdline.py::Test41::test 
test_cmdline.py::Test42::test Test 42 using tmp-path: /tmp/pytest-of-mdmitry/pytest-73/popen-gw4/test6
smlp -doe_spec ../grids/doe_two_levels.csv -out_dir /tmp/pytest-of-mdmitry/pytest-73/popen-gw4/test6 -pref Test42 -mode doe -doe_algo maximin_reconstruction -doe_samples 20 -log_time f

[gw0] PASSED test_cmdline.py::Test12::test 
test_cmdline.py::Test13::test Test 13 using tmp-path: /tmp/pytest-of-mdmitry/pytest-73/popen-gw0/test5
smlp -data ../data/smlp_toy_basic.csv -out_dir /tmp/pytest-of-mdmitry/pytest-73/popen-gw0/test5 -pref Test13 -mode train -resp y1,y2 -feat x1,x2,p1,p2 -model nn_keras -nn_keras_epochs 20 -nn_keras_seq_api f -save_model_config f -mrmr_pred 0 -plots f -pred_plots f -resp_plots f -seed 10 -log_time f

[gw5] PASSED test_cmdline.py::Test34::test 
test_cmdline.py::Test35::test Test 35 using tmp-path: /tmp/pytest-of-mdmitry/pytest-73/popen-gw5/test6
smlp -doe_spec ../grids/doe_four_levels_real.csv -out_dir /tmp/pytest-of-mdmitry/pytest-73/popen-gw5/test6 -pref Test35 -mode doe -doe_algo plackett_burman -log_time f

[gw2] PASSED test_cmdline.py::Test26::test 
test_cmdline.py::Test27::test Test 27 using tmp-path: /tmp/pytest-of-mdmitry/pytest-73/popen-gw2/test5
smlp -data ../data/smlp_toy_num_resp_mult.csv -out_dir /tmp/pytest-of-mdmitry/pytest-73/popen-gw2/test5 -pref Test27 -mode predict -resp y2 -feat x,p1,p2 -model nn_keras -save_model_config f -mrmr_pred 0 -plots f -pred_plots f -resp_plots f -seed 10 -log_time f -nn_keras_epochs 20 -nn_keras_seq_api t -new_dat ../data/smlp_toy_num_resp_mult_pred_labeled.csv

[gw3] PASSED test_cmdline.py::Test20::test 
test_cmdline.py::Test21::test Test 21 using tmp-path: /tmp/pytest-of-mdmitry/pytest-73/popen-gw3/test6
smlp -data ../data/smlp_toy_num_metasymbol_mult_reg.csv -out_dir /tmp/pytest-of-mdmitry/pytest-73/popen-gw3/test6 -pref Test21 -mode predict -resp 'PF ,|PF |' -model poly_sklearn -save_model t -use_model f -model_name test22_model -pred_plots t -resp_plots t -data_scaler none -mrmr_pred 0 -plots f -seed 10 -log_time f -new_dat ../data/smlp_toy_num_metasymbol_mult_reg_pred_labeled.csv

[gw6] PASSED test_cmdline.py::Test48::test 
test_cmdline.py::Test49::test Test 49 using tmp-path: /tmp/pytest-of-mdmitry/pytest-73/popen-gw6/test6
smlp -data ../data/smlp_toy_mult_discr.csv -out_dir /tmp/pytest-of-mdmitry/pytest-73/popen-gw6/test6 -pref Test49 -mode discretize -resp PF,PF1 -discr_algo quantile -discr_bins 6 -discr_labels t -discr_type category -data_scaler none -mrmr_pred 0 -plots f -seed 10 -log_time f -pos_val fail -neg_val pass

[gw7] PASSED test_cmdline.py::Test55::test 
test_cmdline.py::Test56::test Test 56 using tmp-path: /tmp/pytest-of-mdmitry/pytest-73/popen-gw7/test6
smlp -data ../data/smlp_toy_mult_discr.csv -out_dir /tmp/pytest-of-mdmitry/pytest-73/popen-gw7/test6 -pref Test56 -mode discretize -resp PF,PF1 -discr_algo ranks -discr_bins 6 -discr_labels f -discr_type object -data_scaler none -mrmr_pred 0 -plots f -seed 10 -log_time f -pos_val fail -neg_val pass

[gw1] PASSED test_cmdline.py::Test4::test 
test_cmdline.py::Test5::test Test 5 using tmp-path: /tmp/pytest-of-mdmitry/pytest-73/popen-gw1/test4
smlp -data ../data/smlp_toy_num_resp_mult.csv -out_dir /tmp/pytest-of-mdmitry/pytest-73/popen-gw1/test4 -pref Test5 -mode predict -resp y1 -feat x,p1,p2 -model dt_caret -save_model t -use_model f -save_model_config f -mrmr_pred 0 -plots f -pred_plots f -resp_plots f -seed 10 -log_time f -new_dat ../data/smlp_toy_num_resp_mult_pred_labeled.csv

[gw4] PASSED test_cmdline.py::Test42::test 
test_cmdline.py::Test57::test 
[gw4] SKIPPED test_cmdline.py::Test57::test Test 58 using tmp-path: /tmp/pytest-of-mdmitry/pytest-73/popen-gw4/test8
smlp -data ../data/smlp_toy_num_resp_mult.csv -out_dir /tmp/pytest-of-mdmitry/pytest-73/popen-gw4/test8 -pref Test58 -mode optimize -pareto f -opt_strategy lazy -resp y1,y2 -feat x,p1,p2 -model dt_sklearn -dt_sklearn_max_depth 15 -tree_encoding nested -compress_rules f -spec ../specs/smlp_toy_num_resp_mult.spec -objv_names objv_y1,objv_y2 -objv_exprs 'y1;y2' -epsilon 0.01 -delta_rel 0.01 -data_scaler none -save_model_config f -mrmr_pred 0 -plots f -pred_plots f -resp_plots f -seed 10 -log_time f

test_cmdline.py::Test58::test 
[gw5] PASSED test_cmdline.py::Test35::test 
test_cmdline.py::Test67::test 
[gw5] SKIPPED test_cmdline.py::Test67::test Test 68 using tmp-path: /tmp/pytest-of-mdmitry/pytest-73/popen-gw5/test8
smlp -model_name ../models/test67_model -out_dir /tmp/pytest-of-mdmitry/pytest-73/popen-gw5/test8 -pref Test68 -mode verify -resp y1,y2 -feat x0,x1,x2 -model dt_sklearn -dt_sklearn_max_depth 15 -tree_encoding nested -compress_rules f -model_per_response t -save_model f -use_model t -spec ../specs/smlp_toy_num_resp_noknobs_verify.spec -asrt_names asrt1,asrt2 -asrt_exprs 'x0**2+y1>4.3;(y1+x2)/2<6' -mrmr_pred 0 -plots f -pred_plots f -resp_plots f -seed 10 -log_time f
test_cmdline.py::Test68::test 

[gw6] PASSED test_cmdline.py::Test49::test 
test_cmdline.py::Test84::test 
[gw6] SKIPPED test_cmdline.py::Test84::test 
test_cmdline.py::Test85::test Test 85 using tmp-path: /tmp/pytest-of-mdmitry/pytest-73/popen-gw6/test8
smlp -data ../data/smlp_toy_num_resp_mult.csv -out_dir /tmp/pytest-of-mdmitry/pytest-73/popen-gw6/test8 -pref Test85 -mode optimize -pareto f -opt_strategy lazy -resp y1,y2 -feat x,p1,p2 -model dt_sklearn -dt_sklearn_max_depth 15 -tree_encoding nested -compress_rules f -spec ../specs/smlp_toy_num_resp_mult.spec -data_scaler min_max -objv_names obj1,objv2 -objv_exprs '(y1+y2)/2;y1' -alpha 'p2<5 and x==10 and  x<12' -eta p1==4 -epsilon 0.05 -delta_rel 0.01 -save_model_config f -mrmr_pred 0 -plots f -pred_plots f -resp_plots f -seed 10 -log_time f

[gw7] PASSED test_cmdline.py::Test56::test 
test_cmdline.py::Test92::test Test 92 using tmp-path: /tmp/pytest-of-mdmitry/pytest-73/popen-gw7/test7
smlp -data ../data/smlp_toy_num_resp_mult.csv -out_dir /tmp/pytest-of-mdmitry/pytest-73/popen-gw7/test7 -pref Test92 -mode verify -resp y1,y2 -feat x,p1,p2 -model dt_sklearn -dt_sklearn_max_depth 15 -tree_encoding nested -compress_rules f -save_model t -mrmr_pred 2 -model_per_response f -spec ../specs/smlp_toy_num_resp_mult_verify_vacuous.spec -plots f -pred_plots f -resp_plots f -seed 10 -log_time f

[gw3] PASSED test_cmdline.py::Test21::test 
test_cmdline.py::Test76::test 
[gw3] SKIPPED test_cmdline.py::Test76::test 
test_cmdline.py::Test77::test Test 77 using tmp-path: /tmp/pytest-of-mdmitry/pytest-73/popen-gw3/test8
smlp -model_name ../models/test76_model -out_dir /tmp/pytest-of-mdmitry/pytest-73/popen-gw3/test8 -pref Test77 -config ../models/test76_model_rerun_model_config.json

[gw2] PASSED test_cmdline.py::Test27::test 
test_cmdline.py::Test28::test Test 28 using tmp-path: /tmp/pytest-of-mdmitry/pytest-73/popen-gw2/test6
smlp -data ../data/smlp_toy_num_resp_mult.csv -out_dir /tmp/pytest-of-mdmitry/pytest-73/popen-gw2/test6 -pref Test28 -mode predict -resp y2 -feat x,p1,p2 -model nn_keras -save_model_config f -mrmr_pred 0 -plots f -pred_plots f -resp_plots f -seed 10 -log_time f -nn_keras_epochs 20 -nn_keras_seq_api f -sw_coef 0.8 -new_dat ../data/smlp_toy_num_resp_mult_pred_labeled.csv

[gw4] PASSED test_cmdline.py::Test58::test 
test_cmdline.py::Test59::test Test 59 using tmp-path: /tmp/pytest-of-mdmitry/pytest-73/popen-gw4/test9
smlp -data ../data/smlp_toy_num_resp_mult.csv -out_dir /tmp/pytest-of-mdmitry/pytest-73/popen-gw4/test9 -pref Test59 -mode verify -resp y2 -feat x,p1,p2 -model nn_keras -nnet_encoding nested -mrmr_pred 0 -plots f -pred_plots f -resp_plots f -seed 10 -log_time f -nn_keras_epochs 20 -nn_keras_seq_api f -save_model_config f -spec ../specs/smlp_toy_num_resp_mult_y2_verify.spec -asrt_names asrt1 -asrt_exprs '2*y2>1' -solver_path ../../../external/mathsat-5.6.8-linux-x86_64-reentrant/bin/mathsat

[gw0] PASSED test_cmdline.py::Test13::test 
test_cmdline.py::Test14::test Test 14 using tmp-path: /tmp/pytest-of-mdmitry/pytest-73/popen-gw0/test6
smlp -data ../data/smlp_toy_basic.csv -out_dir /tmp/pytest-of-mdmitry/pytest-73/popen-gw0/test6 -pref Test14 -mode train -resp y1,y2 -feat x1,x2,p1,p2 -model poly_sklearn -save_model_config f -mrmr_pred 0 -plots f -pred_plots f -resp_plots f -seed 10 -log_time f

[gw5] XFAIL test_cmdline.py::Test68::test 
test_cmdline.py::Test69::test Test 69 using tmp-path: /tmp/pytest-of-mdmitry/pytest-73/popen-gw5/test9
smlp -data ../data/smlp_toy_num_resp_mult.csv -out_dir /tmp/pytest-of-mdmitry/pytest-73/popen-gw5/test9 -pref Test69 -mode verify -resp y2 -feat x,p1,p2 -model nn_keras -nnet_encoding nested -save_model t -use_model f -model_name test69_model -model_per_response t -spec ../specs/smlp_toy_num_resp_mult_y2_verify.spec -asrt_names asrt1 -asrt_exprs '(y2**3+p2)/2<6' -mrmr_pred 0 -plots f -pred_plots f -resp_plots f -seed 10 -log_time f -nn_keras_epochs 20 -nn_keras_seq_api f -solver_path ../../../external/mathsat-5.6.8-linux-x86_64-reentrant/bin/mathsat

[gw6] PASSED test_cmdline.py::Test85::test 
test_cmdline.py::Test86::test Test 86 using tmp-path: /tmp/pytest-of-mdmitry/pytest-73/popen-gw6/test9
smlp -data ../data/smlp_toy_num_resp_mult.csv -out_dir /tmp/pytest-of-mdmitry/pytest-73/popen-gw6/test9 -pref Test86 -mode optimize -pareto f -opt_strategy lazy -resp y1,y2 -feat x,p1,p2 -model dt_sklearn -dt_sklearn_max_depth 15 -tree_encoding nested -compress_rules f -spec ../specs/smlp_toy_num_resp_mult.spec -data_scaler min_max -objv_names obj1,objv2 -objv_exprs '(y1+y2)/2;y1' -asrt_names asrt1,asrt2,asrt3 -asrt_exprs '(y2**3+p2)/2<6;y1>=9;y2<0' -alpha 'p2<5 and x==10 and  x<12' -eta p1==4 -epsilon 0.05 -delta_rel 0.01 -solver_path ../../../external/mathsat-5.6.8-linux-x86_64-reentrant/bin/mathsat -save_model_config f -mrmr_pred 0 -plots f -pred_plots f -resp_plots f -seed 10 -log_time f

[gw1] PASSED test_cmdline.py::Test5::test 
test_cmdline.py::Test6::test Test 6 using tmp-path: /tmp/pytest-of-mdmitry/pytest-73/popen-gw1/test5
smlp -data ../data/smlp_toy_num_resp_mult.csv -out_dir /tmp/pytest-of-mdmitry/pytest-73/popen-gw1/test5 -pref Test6 -mode predict -resp y1,y2 -feat x,p1,p2 -model dt_sklearn -dt_sklearn_max_depth 15 -save_model_config f -mrmr_pred 0 -plots f -pred_plots f -resp_plots f -seed 10 -log_time f -new_dat ../data/smlp_toy_num_resp_mult_pred_labeled.csv

[gw3] XFAIL test_cmdline.py::Test77::test 
test_cmdline.py::Test78::test 
[gw3] SKIPPED test_cmdline.py::Test78::test 
test_cmdline.py::Test79::test Test 79 using tmp-path: /tmp/pytest-of-mdmitry/pytest-73/popen-gw3/test10
smlp -data ../data/smlp_toy_num_resp_mult.csv -out_dir /tmp/pytest-of-mdmitry/pytest-73/popen-gw3/test10 -pref Test79 -mode query -resp y1,y2 -feat x,p1,p2 -model dt_sklearn -dt_sklearn_max_depth 15 -tree_encoding nested -compress_rules f -save_model f -use_model f -mrmr_pred 2 -model_per_response t -spec ../specs/smlp_toy_num_resp_mult.spec -quer_names query1,query2,query3 -quer_exprs '(y2**3+p2)/2<6;y1>=9;y2<0' -plots f -pred_plots f -resp_plots f -seed 10 -log_time f

[gw0] PASSED test_cmdline.py::Test14::test 
test_cmdline.py::Test106::test Test 106 using tmp-path: /tmp/pytest-of-mdmitry/pytest-73/popen-gw0/test7
smlp -data ../data/smlp_toy_num_resp_mult.csv -out_dir /tmp/pytest-of-mdmitry/pytest-73/popen-gw0/test7 -pref Test106 -mode verify -resp y1,y2 -feat x,p1,p2 -model dt_sklearn -dt_sklearn_max_depth 15 -tree_encoding nested -compress_rules f -spec ../specs/smlp_toy_num_resp_mult_unsat_eta_verify.spec -asrt_names asrt_y1,asrt_y2 -asrt_expr 'y1*2+x<=5 and y1<=10;-2*y2-1<10-p2' -save_model_config f -mrmr_pred 0 -plots f -pred_plots f -resp_plots f -seed 10 -log_time f

[gw7] PASSED test_cmdline.py::Test92::test 
test_cmdline.py::Test93::test Test 93 using tmp-path: /tmp/pytest-of-mdmitry/pytest-73/popen-gw7/test8
smlp -data ../data/smlp_toy_num_resp_mult.csv -out_dir /tmp/pytest-of-mdmitry/pytest-73/popen-gw7/test8 -pref Test93 -mode optsyn -opt_strategy lazy -resp y1,y2 -feat x,p1,p2 -model dt_sklearn -dt_sklearn_max_depth 15 -tree_encoding nested -compress_rules f -save_model f -use_model f -mrmr_pred 2 -model_per_response t -spec ../specs/smlp_toy_num_resp_mult_optsyn.spec -epsilon 0.1 -delta_rel 0.05 -plots f -pred_plots f -resp_plots f -seed 10 -log_time f

[gw2] PASSED test_cmdline.py::Test28::test 
test_cmdline.py::Test99::test Test 99 using tmp-path: /tmp/pytest-of-mdmitry/pytest-73/popen-gw2/test7
smlp -data ../data/smlp_toy_num_resp_mult.csv -out_dir /tmp/pytest-of-mdmitry/pytest-73/popen-gw2/test7 -pref Test99 -mode optimize -pareto t -opt_strategy lazy -model dt_sklearn -dt_sklearn_max_depth 15 -tree_encoding nested -compress_rules f -spec ../specs/smlp_toy_num_resp_mult_free_inps_beta_objv.spec -data_scaler min_max -epsilon 0.05 -delta_rel 0.01 -save_model_config f -mrmr_pred 0 -plots f -pred_plots f -resp_plots f -seed 10 -log_time f

[gw4] PASSED test_cmdline.py::Test59::test 
test_cmdline.py::Test60::test Test 60 using tmp-path: /tmp/pytest-of-mdmitry/pytest-73/popen-gw4/test10
smlp -data ../data/smlp_toy_num_resp_mult.csv -out_dir /tmp/pytest-of-mdmitry/pytest-73/popen-gw4/test10 -pref Test60 -mode verify -resp y2 -feat x,p1,p2 -model nn_keras -nnet_encoding nested -mrmr_pred 0 -plots f -pred_plots f -resp_plots f -seed 10 -log_time f -nn_keras_epochs 20 -nn_keras_seq_api t -save_model_config f -spec ../specs/smlp_toy_num_resp_mult_y2_verify.spec -asrt_names asrt1 -asrt_exprs '2*y2>1' -solver_path ../../../external/mathsat-5.6.8-linux-x86_64-reentrant/bin/mathsat

[gw1] PASSED test_cmdline.py::Test6::test 
test_cmdline.py::Test7::test Test 7 using tmp-path: /tmp/pytest-of-mdmitry/pytest-73/popen-gw1/test6
smlp -data ../data/smlp_toy_num_resp_mult.csv -out_dir /tmp/pytest-of-mdmitry/pytest-73/popen-gw1/test6 -pref Test7 -mode predict -resp y1,y2 -feat x,p1,p2 -model rf_sklearn -rf_sklearn_max_depth 15 -save_model_config f -mrmr_pred 0 -plots f -pred_plots f -resp_plots f -seed 10 -log_time f -new_dat ../data/smlp_toy_num_resp_mult_pred_labeled.csv

[gw6] PASSED test_cmdline.py::Test86::test 
test_cmdline.py::Test87::test Test 87 using tmp-path: /tmp/pytest-of-mdmitry/pytest-73/popen-gw6/test10
smlp -data ../data/smlp_toy_num_resp_mult.csv -out_dir /tmp/pytest-of-mdmitry/pytest-73/popen-gw6/test10 -pref Test87 -mode verify -resp y1,y2 -feat x,p1,p2 -model dt_sklearn -dt_sklearn_max_depth 15 -tree_encoding nested -compress_rules f -save_model t -mrmr_pred 2 -model_per_response f -spec ../specs/smlp_toy_num_resp_mult_alpha_asrt_verify.spec -plots f -pred_plots f -resp_plots f -seed 10 -log_time f

[gw0] PASSED test_cmdline.py::Test106::test 
test_cmdline.py::Test107::test Test 107 using tmp-path: /tmp/pytest-of-mdmitry/pytest-73/popen-gw0/test8
smlp -data ../data/smlp_toy_num_resp_mult.csv -out_dir /tmp/pytest-of-mdmitry/pytest-73/popen-gw0/test8 -pref Test107 -mode verify -resp y1,y2 -feat x,p1,p2 -model dt_sklearn -dt_sklearn_max_depth 15 -tree_encoding nested -compress_rules f -spec ../specs/smlp_toy_num_resp_mult_beta_verify.spec -asrt_names asrt_y1,asrt_y2 -asrt_expr 'y1*2+x<=5 and y1<=10;-2*y2-1<10-p2' -save_model_config f -mrmr_pred 0 -plots f -pred_plots f -resp_plots f -seed 10 -log_time f

[gw5] PASSED test_cmdline.py::Test69::test 
test_cmdline.py::Test70::test Test 70 using tmp-path: /tmp/pytest-of-mdmitry/pytest-73/popen-gw5/test10
smlp -model_name ../models/test69_model -out_dir /tmp/pytest-of-mdmitry/pytest-73/popen-gw5/test10 -pref Test70 -mode verify -resp y2 -feat x,p1,p2 -model nn_keras -nnet_encoding nested -save_model f -use_model t -model_per_response t -spec ../specs/smlp_toy_num_resp_mult_y2_verify.spec -asrt_names asrt1 -asrt_exprs '(y2**3+p2)/2<6' -mrmr_pred 0 -plots f -pred_plots f -resp_plots f -seed 10 -log_time f -nn_keras_epochs 20 -nn_keras_seq_api f -solver_path ../../../external/mathsat-5.6.8-linux-x86_64-reentrant/bin/mathsat

[gw2] PASSED test_cmdline.py::Test99::test 
test_cmdline.py::Test100::test Test 100 using tmp-path: /tmp/pytest-of-mdmitry/pytest-73/popen-gw2/test8
smlp -data ../data/smlp_toy_num_resp_mult.csv -out_dir /tmp/pytest-of-mdmitry/pytest-73/popen-gw2/test8 -pref Test100 -mode optimize -pareto t -opt_strategy lazy -resp y1,y2 -feat x,p1,p2 -model dt_sklearn -dt_sklearn_max_depth 15 -tree_encoding nested -compress_rules f -spec ../specs/smlp_toy_num_resp_mult_free_inps_beta_objv.spec -data_scaler min_max -epsilon 0.05 -delta_rel 0.01 -save_model_config f -mrmr_pred 0 -solver_path ../../../external/mathsat-5.6.8-linux-x86_64-reentrant/bin/mathsat -plots f -pred_plots f -resp_plots f -seed 10 -log_time f

[gw3] PASSED test_cmdline.py::Test79::test 
test_cmdline.py::Test80::test Test 80 using tmp-path: /tmp/pytest-of-mdmitry/pytest-73/popen-gw3/test11
smlp -data ../data/smlp_toy_num_resp_mult.csv -out_dir /tmp/pytest-of-mdmitry/pytest-73/popen-gw3/test11 -pref Test80 -mode optimize -pareto f -opt_strategy lazy -resp y1,y2 -feat x,p1,p2 -model dt_sklearn -dt_sklearn_max_depth 15 -tree_encoding nested -compress_rules f -spec ../specs/smlp_toy_num_resp_mult.spec -data_scaler min_max -objv_names obj1 -objv_exprs '(y1+y2)/2' -epsilon 0.05 -delta_rel 0.01 -save_model_config f -mrmr_pred 0 -plots f -pred_plots f -resp_plots f -seed 10 -log_time f

[gw1] PASSED test_cmdline.py::Test7::test 
test_cmdline.py::Test113::test Test 113 using tmp-path: /tmp/pytest-of-mdmitry/pytest-73/popen-gw1/test7
smlp -data ../data/smlp_toy_basic.csv -out_dir /tmp/pytest-of-mdmitry/pytest-73/popen-gw1/test7 -pref Test113 -mode optimize -pareto t -opt_strategy lazy -resp y1,y2 -feat x1,x2,p1,p2 -model dt_sklearn -dt_sklearn_max_depth 15 -tree_encoding nested -compress_rules f -mrmr_pred 0 -epsilon 0.05 -delta_rel 0.01 -save_model t -model_name test113_model -save_model_config t -plots f -pred_plots f -resp_plots f -seed 10 -log_time f -spec ../specs/smlp_toy_basic.spec

[gw7] PASSED test_cmdline.py::Test93::test 
test_cmdline.py::Test94::test Test 94 using tmp-path: /tmp/pytest-of-mdmitry/pytest-73/popen-gw7/test9
smlp -data ../data/smlp_toy_num_resp_mult.csv -out_dir /tmp/pytest-of-mdmitry/pytest-73/popen-gw7/test9 -pref Test94 -mode optsyn -opt_strategy lazy -resp y1,y2 -feat x,p1,p2 -model rf_sklearn -rf_sklearn_max_depth 15 -tree_encoding nested -compress_rules f -save_model f -use_model f -mrmr_pred 2 -model_per_response t -spec ../specs/smlp_toy_num_resp_mult_optsyn.spec -epsilon 0.1 -delta_rel 0.05 -plots f -pred_plots f -resp_plots f -seed 10 -log_time f

[gw0] XFAIL test_cmdline.py::Test107::test 
test_cmdline.py::Test108::test Test 108 using tmp-path: /tmp/pytest-of-mdmitry/pytest-73/popen-gw0/test9
smlp -data ../data/smlp_toy_num_resp_mult.csv -out_dir /tmp/pytest-of-mdmitry/pytest-73/popen-gw0/test9 -pref Test108 -mode synthesize -resp y1,y2 -feat x,p1,p2 -model dt_sklearn -tree_encoding nested -compress_rules f -save_model f -use_model f -mrmr_pred 2 -model_per_response t -spec ../specs/smlp_toy_num_resp_mult_synthesize.spec -epsilon 0.1 -delta_rel 0.05 -plots f -pred_plots f -resp_plots f -seed 10 -log_time f

[gw4] PASSED test_cmdline.py::Test60::test 
test_cmdline.py::Test61::test 
[gw4] SKIPPED test_cmdline.py::Test61::test 
test_cmdline.py::Test62::test 
[gw4] SKIPPED test_cmdline.py::Test62::test 
test_cmdline.py::Test63::test Test 63 using tmp-path: /tmp/pytest-of-mdmitry/pytest-73/popen-gw4/test13
smlp -data ../data/smlp_toy_num_resp_mult.csv -out_dir /tmp/pytest-of-mdmitry/pytest-73/popen-gw4/test13 -pref Test63 -mode verify -resp y1 -feat x,p1,p2 -model dt_sklearn -dt_sklearn_max_depth 15 -tree_encoding nested -compress_rules f -save_model t -use_model f -model_name test63_model -spec ../specs/smlp_toy_num_resp_mult_y1_verify.spec -asrt_names asrt1,asrt2 -asrt_exprs 'x/2+y1>4.3;(y1+p2)/2<6' -mrmr_pred 0 -plots f -pred_plots f -resp_plots f -seed 10 -log_time f

[gw3] PASSED test_cmdline.py::Test80::test 
test_cmdline.py::Test81::test Test 81 using tmp-path: /tmp/pytest-of-mdmitry/pytest-73/popen-gw3/test12
smlp -data ../data/smlp_toy_num_resp_mult.csv -out_dir /tmp/pytest-of-mdmitry/pytest-73/popen-gw3/test12 -pref Test81 -mode optimize -pareto f -opt_strategy lazy -resp y1,y2 -feat x,p1,p2 -model dt_sklearn -dt_sklearn_max_depth 15 -tree_encoding nested -compress_rules f -spec ../specs/smlp_toy_num_resp_mult_free_inps.spec -data_scaler min_max -objv_names obj1 -objv_exprs '(y1+y2)/2' -epsilon 0.05 -delta_rel 0.01 -save_model_config f -mrmr_pred 0 -plots f -pred_plots f -resp_plots f -seed 10 -log_time f -solver_path ../../../external/mathsat-5.6.8-linux-x86_64-reentrant/bin/mathsat

[gw6] PASSED test_cmdline.py::Test87::test 
test_cmdline.py::Test88::test Test 88 using tmp-path: /tmp/pytest-of-mdmitry/pytest-73/popen-gw6/test11
smlp -data ../data/smlp_toy_num_resp_mult.csv -out_dir /tmp/pytest-of-mdmitry/pytest-73/popen-gw6/test11 -pref Test88 -mode optimize -pareto t -opt_strategy lazy -resp y1,y2 -feat x,p1,p2 -model dt_sklearn -dt_sklearn_max_depth 15 -tree_encoding nested -compress_rules f -spec ../specs/smlp_toy_num_resp_mult_free_inps_beta_objv.spec -data_scaler min_max -epsilon 0.05 -delta_rel 0.01 -save_model_config f -mrmr_pred 0 -plots f -pred_plots f -resp_plots f -seed 10 -log_time f

[gw1] PASSED test_cmdline.py::Test113::test 
test_cmdline.py::Test114::test Test 114 using tmp-path: /tmp/pytest-of-mdmitry/pytest-73/popen-gw1/test8
smlp -data ../data/smlp_toy_basic.csv -out_dir /tmp/pytest-of-mdmitry/pytest-73/popen-gw1/test8 -pref Test114 -mode optimize -pareto t -opt_strategy lazy -model dt_sklearn -dt_sklearn_max_depth 15 -tree_encoding nested -compress_rules f -mrmr_pred 0 -epsilon 0.05 -delta_rel 0.01 -save_model f -plots f -pred_plots f -resp_plots f -seed 10 -log_time f -spec ../specs/smlp_toy_basic.spec

[gw5] PASSED test_cmdline.py::Test70::test 
test_cmdline.py::Test71::test 
[gw5] SKIPPED test_cmdline.py::Test71::test 
test_cmdline.py::Test72::test Test 72 using tmp-path: /tmp/pytest-of-mdmitry/pytest-73/popen-gw5/test12
smlp -model_name ../models/test71_model -out_dir /tmp/pytest-of-mdmitry/pytest-73/popen-gw5/test12 -pref Test72 -mode verify -resp y1,y2 -feat x0,x1,x2 -model nn_keras -nnet_encoding nested -save_model f -use_model t -model_per_response t -spec ../specs/smlp_toy_num_resp_noknobs_verify.spec -asrt_names asrt1 -asrt_exprs '(y2**3+x2)/2<6' -mrmr_pred 0 -plots f -pred_plots f -resp_plots f -seed 10 -log_time f -nn_keras_epochs 20 -nn_keras_seq_api f -solver_path ../../../external/mathsat-5.6.8-linux-x86_64-reentrant/bin/mathsat

[gw4] PASSED test_cmdline.py::Test63::test 
test_cmdline.py::Test64::test Test 64 using tmp-path: /tmp/pytest-of-mdmitry/pytest-73/popen-gw4/test14
smlp -model_name ../models/test63_model -out_dir /tmp/pytest-of-mdmitry/pytest-73/popen-gw4/test14 -pref Test64 -mode verify -resp y1 -feat x,p1,p2 -model dt_sklearn -dt_sklearn_max_depth 15 -tree_encoding nested -compress_rules f -save_model f -use_model t -spec ../specs/smlp_toy_num_resp_mult_y1_verify.spec -asrt_names asrt1,asrt2 -asrt_exprs 'x/2+y1>4.3;(y1+p2)/2<6' -mrmr_pred 0 -plots f -pred_plots f -resp_plots f -seed 10 -log_time f

[gw2] PASSED test_cmdline.py::Test100::test 
test_cmdline.py::Test101::test Test 101 using tmp-path: /tmp/pytest-of-mdmitry/pytest-73/popen-gw2/test9
smlp -data ../data/smlp_toy_num_resp_mult.csv -out_dir /tmp/pytest-of-mdmitry/pytest-73/popen-gw2/test9 -pref Test101 -mode certify -resp y1,y2 -feat x,p1,p2 -model dt_sklearn -dt_sklearn_max_depth 15 -tree_encoding nested -compress_rules f -save_model t -use_model f -model_name test101_model -mrmr_pred 2 -model_per_response t -spec ../specs/smlp_toy_num_resp_mult_witness.spec -quer_names query1,query2,query3 -quer_exprs '(y2**3+p2)/2<6;y1>=9;y2<20' -plots f -pred_plots f -resp_plots f -seed 10 -log_time f

[gw0] PASSED test_cmdline.py::Test108::test 
test_cmdline.py::Test109::test Test 109 using tmp-path: /tmp/pytest-of-mdmitry/pytest-73/popen-gw0/test10
smlp -data ../data/smlp_toy_num_resp_mult.csv -out_dir /tmp/pytest-of-mdmitry/pytest-73/popen-gw0/test10 -pref Test109 -mode synthesize -resp y1,y2 -feat x,p1,p2 -model dt_sklearn -tree_encoding nested -compress_rules f -save_model f -use_model f -mrmr_pred 2 -model_per_response t -spec ../specs/smlp_toy_num_resp_mult_cannot_synthesize.spec -epsilon 0.1 -delta_rel 0.05 -plots f -pred_plots f -resp_plots f -seed 10 -log_time f

[gw6] PASSED test_cmdline.py::Test88::test 
test_cmdline.py::Test89::test Test 89 using tmp-path: /tmp/pytest-of-mdmitry/pytest-73/popen-gw6/test12
smlp -data ../data/smlp_toy_num_resp_mult.csv -out_dir /tmp/pytest-of-mdmitry/pytest-73/popen-gw6/test12 -pref Test89 -mode query -resp y1,y2 -feat x,p1,p2 -model dt_sklearn -dt_sklearn_max_depth 15 -tree_encoding nested -compress_rules f -save_model f -use_model f -mrmr_pred 2 -model_per_response t -spec ../specs/smlp_toy_num_resp_mult_query.spec -plots f -pred_plots f -resp_plots f -seed 10 -log_time f

[gw1] PASSED test_cmdline.py::Test114::test 
test_cmdline.py::Test115::test Test 115 using tmp-path: /tmp/pytest-of-mdmitry/pytest-73/popen-gw1/test9
smlp -data ../data/smlp_toy_basic.csv -out_dir /tmp/pytest-of-mdmitry/pytest-73/popen-gw1/test9 -pref Test115 -mode certify -resp y1,y2 -feat x1,x2,p1,p2 -model dt_sklearn -dt_sklearn_max_depth 15 -tree_encoding nested -compress_rules f -save_model f -use_model f -mrmr_pred 2 -model_per_response t -spec ../specs/smlp_toy_system.spec -quer_names query1,query2 -quer_exprs 'y1>0;y2<=0' -plots f -pred_plots f -resp_plots f -seed 10 -log_time f

[gw5] XFAIL test_cmdline.py::Test72::test 
test_cmdline.py::Test73::test 
[gw5] SKIPPED test_cmdline.py::Test73::test 
test_cmdline.py::Test74::test 
[gw5] SKIPPED test_cmdline.py::Test74::test 
test_cmdline.py::Test75::test 
[gw5] SKIPPED test_cmdline.py::Test75::test 
test_cmdline.py::Test119::test Test 119 using tmp-path: /tmp/pytest-of-mdmitry/pytest-73/popen-gw5/test16
smlp -data ../data/smlp_toy_basic.csv -out_dir /tmp/pytest-of-mdmitry/pytest-73/popen-gw5/test16 -pref Test119 -mode query -model system -resp y1,y2 -feat p1,p2 -save_model f -use_model f -mrmr_pred 0 -model_per_response t -spec ../specs/smlp_toy_system_stable_constant_query.spec -plots f -pred_plots f -resp_plots f -seed 10 -log_time f

[gw4] PASSED test_cmdline.py::Test64::test 
test_cmdline.py::Test65::test 
[gw4] SKIPPED test_cmdline.py::Test65::test 
test_cmdline.py::Test66::test Test 66 using tmp-path: /tmp/pytest-of-mdmitry/pytest-73/popen-gw4/test16
smlp -model_name ../models/test65_model -out_dir /tmp/pytest-of-mdmitry/pytest-73/popen-gw4/test16 -pref Test66 -mode verify -resp y1,y2 -feat x0,x1,x2 -model dt_sklearn -dt_sklearn_max_depth 15 -tree_encoding nested -compress_rules f -save_model f -use_model t -spec ../specs/smlp_toy_num_resp_noknobs_verify.spec -asrt_names asrt1,asrt2 -asrt_exprs 'x0**2+y1>4.3;(y1+x2)/2<6' -mrmr_pred 0 -plots f -pred_plots f -resp_plots f -seed 10 -log_time f

[gw3] PASSED test_cmdline.py::Test81::test 
test_cmdline.py::Test82::test Test 82 using tmp-path: /tmp/pytest-of-mdmitry/pytest-73/popen-gw3/test13
smlp -data ../data/smlp_toy_num_resp_mult.csv -out_dir /tmp/pytest-of-mdmitry/pytest-73/popen-gw3/test13 -pref Test82 -mode optimize -pareto t -opt_strategy lazy -resp y1,y2 -feat x,p1,p2 -model dt_sklearn -dt_sklearn_max_depth 15 -tree_encoding nested -compress_rules f -spec ../specs/smlp_toy_num_resp_mult_free_inps.spec -data_scaler min_max -objv_names obj1,objv2,objv3 -objv_exprs '(y1+y2)/2;y1;y2' -epsilon 0.05 -delta_rel 0.01 -save_model_config f -mrmr_pred 0 -plots f -pred_plots f -resp_plots f -seed 10 -log_time f -solver_path ../../../external/mathsat-5.6.8-linux-x86_64-reentrant/bin/mathsat

[gw7] PASSED test_cmdline.py::Test94::test 
test_cmdline.py::Test95::test Test 95 using tmp-path: /tmp/pytest-of-mdmitry/pytest-73/popen-gw7/test10
smlp -data ../data/smlp_toy_num_resp_mult.csv -out_dir /tmp/pytest-of-mdmitry/pytest-73/popen-gw7/test10 -pref Test95 -mode optsyn -opt_strategy lazy -resp y1,y2 -feat x,p1,p2 -model dt_caret -save_model f -use_model f -tree_encoding nested -compress_rules f -mrmr_pred 2 -model_per_response t -spec ../specs/smlp_toy_num_resp_mult_optsyn.spec -epsilon 0.1 -delta_rel 0.05 -plots f -pred_plots f -resp_plots f -seed 10 -log_time f

[gw2] PASSED test_cmdline.py::Test101::test 
test_cmdline.py::Test102::test Test 102 using tmp-path: /tmp/pytest-of-mdmitry/pytest-73/popen-gw2/test10
smlp -model_name ../models/test101_model -out_dir /tmp/pytest-of-mdmitry/pytest-73/popen-gw2/test10 -pref Test102 -mode certify -resp y1,y2 -feat x,p1,p2 -model dt_sklearn -dt_sklearn_max_depth 15 -tree_encoding nested -compress_rules f -save_model f -use_model t -mrmr_pred 2 -model_per_response t -spec ../specs/smlp_toy_num_resp_mult_witness.spec -quer_names query1,query2,query3 -quer_exprs '(y2**3+p2)/2<6;y1>=9;y2<20' -plots f -pred_plots f -resp_plots f -seed 10 -log_time f

[gw5] PASSED test_cmdline.py::Test119::test 
test_cmdline.py::Test120::test Test 120 using tmp-path: /tmp/pytest-of-mdmitry/pytest-73/popen-gw5/test17
smlp -data ../data/smlp_toy_basic.csv -out_dir /tmp/pytest-of-mdmitry/pytest-73/popen-gw5/test17 -pref Test120 -mode synthesize -model system -resp y1,y2 -feat p1,p2 -save_model f -use_model f -mrmr_pred 0 -model_per_response t -spec ../specs/smlp_toy_system_stable_constant_synth_fail.spec -plots f -pred_plots f -resp_plots f -seed 10 -log_time f

[gw4] XFAIL test_cmdline.py::Test66::test 
test_cmdline.py::Test124::test Test 124 using tmp-path: /tmp/pytest-of-mdmitry/pytest-73/popen-gw4/test17
smlp -data ../data/smlp_toy_basic.csv -out_dir /tmp/pytest-of-mdmitry/pytest-73/popen-gw4/test17 -pref Test124 -mode optsyn -pareto f -opt_strategy lazy -model system -resp y1,y2 -feat p1,p2 -save_model f -use_model f -mrmr_pred 0 -model_per_response t -spec ../specs/smlp_toy_system_stable_constant_synth_fail.spec -epsilon 0.00000001 -plots f -pred_plots f -resp_plots f -seed 10 -log_time f

[gw1] PASSED test_cmdline.py::Test115::test 
test_cmdline.py::Test116::test Test 116 using tmp-path: /tmp/pytest-of-mdmitry/pytest-73/popen-gw1/test10
smlp -data ../data/smlp_toy_basic.csv -out_dir /tmp/pytest-of-mdmitry/pytest-73/popen-gw1/test10 -pref Test116 -mode certify -resp y1,y2 -feat x1,x2,p1,p2 -model system -save_model f -use_model f -mrmr_pred 2 -model_per_response t -spec ../specs/smlp_toy_system.spec -quer_names query1,query2 -quer_exprs 'y1>0;y2<=0' -plots f -pred_plots f -resp_plots f -seed 10 -log_time f

[gw3] PASSED test_cmdline.py::Test82::test 
test_cmdline.py::Test83::test Test 83 using tmp-path: /tmp/pytest-of-mdmitry/pytest-73/popen-gw3/test14
smlp -data ../data/smlp_toy_num_resp_mult.csv -out_dir /tmp/pytest-of-mdmitry/pytest-73/popen-gw3/test14 -pref Test83 -mode optimize -pareto t -opt_strategy lazy -resp y1,y2 -feat x,p1,p2 -model dt_sklearn -dt_sklearn_max_depth 15 -tree_encoding nested -compress_rules f -spec ../specs/smlp_toy_num_resp_mult_free_inps.spec -data_scaler min_max -beta 'y1>7 and y2>6' -objv_names obj1,objv2,objv3 -objv_exprs '(y1+y2)/2;y1/2-y2;y2' -epsilon 0.05 -delta_rel 0.01 -save_model_config f -mrmr_pred 0 -plots f -pred_plots f -resp_plots f -seed 10 -log_time f

[gw0] PASSED test_cmdline.py::Test109::test 
test_cmdline.py::Test110::test Test 110 using tmp-path: /tmp/pytest-of-mdmitry/pytest-73/popen-gw0/test11
smlp -data ../data/smlp_toy_basic.csv -out_dir /tmp/pytest-of-mdmitry/pytest-73/popen-gw0/test11 -pref Test110 -mode predict -resp y1,y2 -feat x1,x2,p1,p2 -model poly_sklearn -save_model t -model_name test110_model -save_model_config t -mrmr_pred 0 -plots f -pred_plots f -resp_plots f -seed 10 -log_time f -new_dat ../data/smlp_toy_basic_pred_unlabeled.csv

[gw6] PASSED test_cmdline.py::Test89::test 
test_cmdline.py::Test90::test Test 90 using tmp-path: /tmp/pytest-of-mdmitry/pytest-73/popen-gw6/test13
smlp -data ../data/smlp_toy_num_resp_mult.csv -out_dir /tmp/pytest-of-mdmitry/pytest-73/popen-gw6/test13 -pref Test90 -mode optsyn -opt_strategy lazy -resp y1,y2 -feat x,p1,p2 -model dt_sklearn -dt_sklearn_max_depth 15 -tree_encoding nested -compress_rules f -save_model f -use_model f -mrmr_pred 2 -model_per_response t -spec ../specs/smlp_toy_num_resp_mult_optsyn_vacuous.spec -epsilon 0.1 -delta_rel 0.05 -plots f -pred_plots f -resp_plots f -seed 10 -log_time f

[gw4] PASSED test_cmdline.py::Test124::test 
test_cmdline.py::Test125::test Test 125 using tmp-path: /tmp/pytest-of-mdmitry/pytest-73/popen-gw4/test18
smlp -data ../data/smlp_toy_basic.csv -out_dir /tmp/pytest-of-mdmitry/pytest-73/popen-gw4/test18 -pref Test125 -mode optsyn -pareto t -opt_strategy lazy -model system -resp y1,y2 -feat p1,p2 -save_model f -use_model f -mrmr_pred 0 -model_per_response t -spec ../specs/smlp_toy_system_stable_constant_synth_feasible.spec -epsilon 0.00000001 -plots f -pred_plots f -resp_plots f -seed 10 -log_time f

[gw5] PASSED test_cmdline.py::Test120::test 
test_cmdline.py::Test121::test Test 121 using tmp-path: /tmp/pytest-of-mdmitry/pytest-73/popen-gw5/test18
smlp -data ../data/smlp_toy_basic.csv -out_dir /tmp/pytest-of-mdmitry/pytest-73/popen-gw5/test18 -pref Test121 -mode synthesize -model system -resp y1,y2 -feat p1,p2 -save_model f -use_model f -mrmr_pred 0 -model_per_response t -spec ../specs/smlp_toy_system_stable_constant_synth_feasible.spec -plots f -pred_plots f -resp_plots f -seed 10 -log_time f

[gw2] PASSED test_cmdline.py::Test102::test 
test_cmdline.py::Test103::test Test 103 using tmp-path: /tmp/pytest-of-mdmitry/pytest-73/popen-gw2/test11
smlp -data ../data/smlp_toy_num_resp_mult.csv -out_dir /tmp/pytest-of-mdmitry/pytest-73/popen-gw2/test11 -pref Test103 -mode certify -resp y1,y2 -feat x,p1,p2 -model dt_sklearn -dt_sklearn_max_depth 15 -tree_encoding nested -compress_rules f -save_model t -use_model f -model_name test103_model -model_per_response f -spec ../specs/smlp_toy_num_resp_mult_certify_witness.spec -quer_names valid_candidate,grid_conflict,range_conflict -quer_exprs 'True;True;True' -plots f -pred_plots f -resp_plots f -seed 10 -log_time f

[gw1] PASSED test_cmdline.py::Test116::test 
test_cmdline.py::Test117::test Test 117 using tmp-path: /tmp/pytest-of-mdmitry/pytest-73/popen-gw1/test11
smlp -data ../data/smlp_toy_basic.csv -out_dir /tmp/pytest-of-mdmitry/pytest-73/popen-gw1/test11 -pref Test117 -mode certify -model system -resp y1,y2 -feat p1,p2 -save_model f -use_model f -mrmr_pred 0 -model_per_response t -spec ../specs/smlp_toy_system_stable_constant_certify.spec -plots f -pred_plots f -resp_plots f -seed 10 -log_time f

[gw3] PASSED test_cmdline.py::Test83::test 
test_cmdline.py::Test129::test 
[gw0] PASSED test_cmdline.py::Test110::test Test 129 using tmp-path: /tmp/pytest-of-mdmitry/pytest-73/popen-gw3/test15
smlp -data ../data/smlp_toy_ctg_num_resp.csv -out_dir /tmp/pytest-of-mdmitry/pytest-73/popen-gw3/test15 -pref Test129 -mode verify -resp y1,y2 -feat x,p1,p2 -model poly_sklearn -save_model f -use_model f -model_per_response f -spec ../specs/smlp_toy_configuration_verify.spec -asrt_names assert_stable_config,assert_grid_conflict,assert_unstable_config,assert_infeasible -asrt_exprs 'y2<=90;y1>=9;y1>=(-10);y1>20' -plots f -pred_plots f -resp_plots f -seed 10 -log_time f

test_cmdline.py::Test111::test Test 111 using tmp-path: /tmp/pytest-of-mdmitry/pytest-73/popen-gw0/test12
smlp -model_name ../models/test110_model -out_dir /tmp/pytest-of-mdmitry/pytest-73/popen-gw0/test12 -pref Test111 -config ../models/test110_model_rerun_model_config.json -new_dat ../data/smlp_toy_basic_pred_unlabeled.csv

[gw5] PASSED test_cmdline.py::Test121::test 
test_cmdline.py::Test122::test Test 122 using tmp-path: /tmp/pytest-of-mdmitry/pytest-73/popen-gw5/test19
smlp -data ../data/smlp_toy_basic.csv -out_dir /tmp/pytest-of-mdmitry/pytest-73/popen-gw5/test19 -pref Test122 -mode optimize -pareto f -opt_strategy lazy -model system -resp y1,y2 -feat p1,p2 -save_model f -use_model f -mrmr_pred 0 -model_per_response t -spec ../specs/smlp_toy_system_stable_constant_synth_fail.spec -epsilon 0.00000001 -plots f -pred_plots f -resp_plots f -seed 10 -log_time f

[gw6] PASSED test_cmdline.py::Test90::test 
test_cmdline.py::Test91::test Test 91 using tmp-path: /tmp/pytest-of-mdmitry/pytest-73/popen-gw6/test14
smlp -data ../data/smlp_toy_num_resp_mult.csv -out_dir /tmp/pytest-of-mdmitry/pytest-73/popen-gw6/test14 -pref Test91 -mode query -resp y1,y2 -feat x,p1,p2 -model dt_sklearn -dt_sklearn_max_depth 15 -tree_encoding nested -compress_rules f -save_model f -use_model f -mrmr_pred 2 -model_per_response t -spec ../specs/smlp_toy_num_resp_mult_query_vacuous.spec -epsilon 0.1 -delta_rel 0.05 -plots f -pred_plots f -resp_plots f -seed 10 -log_time f

[gw4] PASSED test_cmdline.py::Test125::test 
test_cmdline.py::Test126::test Test 126 using tmp-path: /tmp/pytest-of-mdmitry/pytest-73/popen-gw4/test19
smlp -data ../data/smlp_toy_basic.csv -out_dir /tmp/pytest-of-mdmitry/pytest-73/popen-gw4/test19 -pref Test126 -mode verify -model system -save_model f -use_model f -mrmr_pred 0 -model_per_response t -spec ../specs/smlp_toy_system_stable_verify.spec -plots f -pred_plots f -resp_plots f -seed 10 -log_time f

[gw0] PASSED test_cmdline.py::Test111::test 
test_cmdline.py::Test112::test Test 112 using tmp-path: /tmp/pytest-of-mdmitry/pytest-73/popen-gw0/test13
smlp -model_name ../models/test110_model -out_dir /tmp/pytest-of-mdmitry/pytest-73/popen-gw0/test13 -pref Test112 -mode predict -resp y1,y2 -feat x1,x2,p1,p2 -model poly_sklearn -mrmr_pred 0 -plots f -pred_plots f -resp_plots f -seed 10 -log_time f -use_model t -save_model f -new_dat ../data/smlp_toy_basic_pred_unlabeled.csv

[gw7] PASSED test_cmdline.py::Test95::test 
test_cmdline.py::Test96::test Test 96 using tmp-path: /tmp/pytest-of-mdmitry/pytest-73/popen-gw7/test11
smlp -data ../data/smlp_toy_num_resp_mult.csv -out_dir /tmp/pytest-of-mdmitry/pytest-73/popen-gw7/test11 -pref Test96 -mode optsyn -opt_strategy lazy -resp y1,y2 -feat x,p1,p2 -model rf_caret -save_model f -use_model f -tree_encoding nested -compress_rules f -mrmr_pred 2 -model_per_response t -spec ../specs/smlp_toy_num_resp_mult_optsyn.spec -epsilon 0.1 -delta_rel 0.05 -plots f -pred_plots f -resp_plots f -seed 10 -log_time f

[gw2] PASSED test_cmdline.py::Test103::test 
test_cmdline.py::Test104::test Test 104 using tmp-path: /tmp/pytest-of-mdmitry/pytest-73/popen-gw2/test12
smlp -data ../data/smlp_toy_num_resp_mult.csv -out_dir /tmp/pytest-of-mdmitry/pytest-73/popen-gw2/test12 -pref Test104 -mode verify -resp y1,y2 -feat x,p1,p2 -model dt_sklearn -dt_sklearn_max_depth 15 -tree_encoding nested -compress_rules f -spec ../specs/smlp_toy_num_resp_mult.spec -asrt_names asrt_y1,asrt_y2 -asrt_expr 'y1*2+x<=5 and y1<=10;-2*y2-1<10-p2' -save_model_config f -mrmr_pred 0 -plots f -pred_plots f -resp_plots f -seed 10 -log_time f

[gw1] PASSED test_cmdline.py::Test117::test 
test_cmdline.py::Test118::test Test 118 using tmp-path: /tmp/pytest-of-mdmitry/pytest-73/popen-gw1/test12
smlp -data ../data/smlp_toy_basic.csv -out_dir /tmp/pytest-of-mdmitry/pytest-73/popen-gw1/test12 -pref Test118 -mode verify -model system -resp y1,y2 -feat p1,p2 -save_model f -use_model f -mrmr_pred 0 -model_per_response t -spec ../specs/smlp_toy_system_stable_constant_verify.spec -plots f -pred_plots f -resp_plots f -seed 10 -log_time f

[gw5] PASSED test_cmdline.py::Test122::test 
test_cmdline.py::Test123::test Test 123 using tmp-path: /tmp/pytest-of-mdmitry/pytest-73/popen-gw5/test20
smlp -data ../data/smlp_toy_basic.csv -out_dir /tmp/pytest-of-mdmitry/pytest-73/popen-gw5/test20 -pref Test123 -mode optimize -pareto t -opt_strategy lazy -model system -resp y1,y2 -feat p1,p2 -save_model f -use_model f -mrmr_pred 0 -model_per_response t -spec ../specs/smlp_toy_system_stable_constant_synth_feasible.spec -epsilon 0.00000001 -plots f -pred_plots f -resp_plots f -seed 10 -log_time f

[gw4] PASSED test_cmdline.py::Test126::test 
test_cmdline.py::Test127::test Test 127 using tmp-path: /tmp/pytest-of-mdmitry/pytest-73/popen-gw4/test20
smlp -data ../data/smlp_toy_basic.csv -out_dir /tmp/pytest-of-mdmitry/pytest-73/popen-gw4/test20 -pref Test127 -mode certify -model system -save_model f -use_model f -mrmr_pred 0 -model_per_response t -spec ../specs/smlp_toy_system_stable_certify.spec -plots f -pred_plots f -resp_plots f -seed 10 -log_time f

[gw3] PASSED test_cmdline.py::Test129::test 
test_cmdline.py::Test130::test 
[gw3] SKIPPED test_cmdline.py::Test130::test 
test_cmdline.py::Test131::test 
[gw3] SKIPPED test_cmdline.py::Test131::test 
test_cmdline.py::Test132::test 
[gw3] SKIPPED test_cmdline.py::Test132::test 
test_cmdline.py::Test133::test 
[gw3] SKIPPED test_cmdline.py::Test133::test 
test_cmdline.py::Test152::test Test 152 using tmp-path: /tmp/pytest-of-mdmitry/pytest-73/popen-gw3/test20
smlp -data ../data/smlp_toy_num_resp_mult.csv -out_dir /tmp/pytest-of-mdmitry/pytest-73/popen-gw3/test20 -pref Test152 -mode predict -resp y1,y2 -feat x,p1,p2 -model nn_keras -nnet_encoding nested -save_model_config f -mrmr_pred 0 -plots f -pred_plots f -resp_plots f -seed 10 -log_time f -nn_keras_epochs 20 -nn_keras_seq_api f -nn_keras_loss huber -sw_coef 8 -sw_exp 5 -sw_int 0.5 -new_dat ../data/smlp_toy_num_resp_mult_pred_labeled.csv

[gw0] PASSED test_cmdline.py::Test112::test 
test_cmdline.py::Test139::test 
[gw0] SKIPPED test_cmdline.py::Test139::test 
test_cmdline.py::Test140::test Test 140 using tmp-path: /tmp/pytest-of-mdmitry/pytest-73/popen-gw0/test15
smlp -data ../data/smlp_toy_basic.csv -out_dir /tmp/pytest-of-mdmitry/pytest-73/popen-gw0/test15 -pref Test140 -mode verify -model system -save_model f -use_model f -mrmr_pred 0 -model_per_response t -spec ../specs/smlp_toy_system_stable_verify.spec -trace_prec 1 -trace_anonym t -plots f -pred_plots f -resp_plots f -seed 10 -log_time f

[gw2] XFAIL test_cmdline.py::Test104::test 
test_cmdline.py::Test105::test Test 105 using tmp-path: /tmp/pytest-of-mdmitry/pytest-73/popen-gw2/test13
smlp -data ../data/smlp_toy_num_resp_mult.csv -out_dir /tmp/pytest-of-mdmitry/pytest-73/popen-gw2/test13 -pref Test105 -mode verify -resp y1,y2 -feat x,p1,p2 -model dt_sklearn -dt_sklearn_max_depth 15 -tree_encoding nested -compress_rules f -spec ../specs/smlp_toy_num_resp_mult_stable_verify.spec -asrt_names asrt_y1,asrt_y2 -asrt_expr 'y1*2+x<=5 and y1<=10;-2*y2-1<10-p2' -save_model_config f -mrmr_pred 0 -plots f -pred_plots f -resp_plots f -seed 10 -log_time f

[gw1] PASSED test_cmdline.py::Test118::test 
test_cmdline.py::Test144::test 
[gw1] SKIPPED test_cmdline.py::Test144::test 
test_cmdline.py::Test145::test Test 145 using tmp-path: /tmp/pytest-of-mdmitry/pytest-73/popen-gw1/test14
smlp -out_dir /tmp/pytest-of-mdmitry/pytest-73/popen-gw1/test14 -pref Test145 -mode optimize -pareto t -opt_strategy lazy -model system -resp y1,y2 -feat p1,p2 -save_model f -use_model f -mrmr_pred 0 -model_per_response t -spec ../specs/smlp_toy_system_stable_constant_synth_feasible.spec -doe_spec ../grids/doe_two_levels_opt.csv -doe_algo latin_hypercube -epsilon 0.00000001 -plots f -pred_plots f -resp_plots f -seed 10 -log_time f

[gw6] PASSED test_cmdline.py::Test91::test 
test_cmdline.py::Test134::test 
[gw6] SKIPPED test_cmdline.py::Test134::test 
test_cmdline.py::Test135::test 
[gw6] SKIPPED test_cmdline.py::Test135::test 
test_cmdline.py::Test136::test Test 136 using tmp-path: /tmp/pytest-of-mdmitry/pytest-73/popen-gw6/test17
smlp -data ../data/smlp_toy_num_resp_mult_gzipped.csv.gz -out_dir /tmp/pytest-of-mdmitry/pytest-73/popen-gw6/test17 -pref Test136 -mode predict -resp y1,y2 -feat x,p1,p2 -model dt_sklearn -dt_sklearn_max_depth 15 -tree_encoding nested -compress_rules f -save_model_config f -mrmr_pred 0 -plots f -pred_plots f -resp_plots f -seed 10 -log_time f -new_dat ../data/smlp_toy_num_resp_mult_pred_labeled.csv

[gw4] PASSED test_cmdline.py::Test127::test 
test_cmdline.py::Test128::test Test 128 using tmp-path: /tmp/pytest-of-mdmitry/pytest-73/popen-gw4/test21
smlp -data ../data/smlp_toy_ctg_num_resp.csv -out_dir /tmp/pytest-of-mdmitry/pytest-73/popen-gw4/test21 -pref Test128 -mode certify -resp y1,y2 -feat x,p1,p2 -model poly_sklearn -dt_sklearn_max_depth 15 -save_model f -use_model f -model_per_response f -spec ../specs/smlp_toy_witness_certify.spec -quer_names query_stable_witness,query_grid_conflict,query_unstable_witness,query_infeasible_witness,query_poly_intercept_sensitive -quer_exprs 'y2<=90;y1>=9;y1>=(-13);y1>9;y1>=(-10)' -plots f -pred_plots f -resp_plots f -seed 10 -log_time f

[gw0] PASSED test_cmdline.py::Test140::test 
test_cmdline.py::Test141::test Test 141 using tmp-path: /tmp/pytest-of-mdmitry/pytest-73/popen-gw0/test16
smlp -data ../data/smlp_toy_num_resp_mult.csv -out_dir /tmp/pytest-of-mdmitry/pytest-73/popen-gw0/test16 -pref Test141 -mode optimize -opt_strategy lazy -pareto f -resp y1,y2 -feat x,p1,p2 -model dt_sklearn -dt_sklearn_max_depth 15 -tree_encoding nested -compress_rules t -spec ../specs/smlp_toy_num_resp_mult.spec -objv_names objv_y1,objv_y2 -objv_exprs 'y1;y2' -epsilon 0.01 -delta_rel 0.01 -data_scaler none -save_model_config f -mrmr_pred 0 -plots f -pred_plots f -resp_plots f -seed 10 -log_time f

[gw2] PASSED test_cmdline.py::Test105::test 
test_cmdline.py::Test156::test Test 156 using tmp-path: /tmp/pytest-of-mdmitry/pytest-73/popen-gw2/test14
smlp -data ../data/smlp_toy_num_resp_mult.csv -out_dir /tmp/pytest-of-mdmitry/pytest-73/popen-gw2/test14 -pref Test156 -mode verify -resp y1,y2 -feat x,p1,p2 -model nn_keras -nnet_encoding nested -mrmr_pred 0 -plots f -pred_plots f -resp_plots f -seed 10 -log_time f -nn_keras_epochs 20 -nn_keras_seq_api f -nn_keras_tuner hyperband -nn_keras_layers_grid '2,2;3' -save_model_config f -spec ../specs/smlp_toy_num_resp_mult_verify.spec -asrt_names asrt1 -asrt_exprs '2*y2>1' -sw_coef 4 -sw_exp 5 -sw_int 0.5 -nn_keras_metrics rmse

[gw5] PASSED test_cmdline.py::Test123::test 
test_cmdline.py::Test148::test Test 148 using tmp-path: /tmp/pytest-of-mdmitry/pytest-73/popen-gw5/test21
smlp -data ../data/smlp_toy_num_resp_mult.csv -out_dir /tmp/pytest-of-mdmitry/pytest-73/popen-gw5/test21 -pref Test148 -mode predict -resp y1,y2 -feat x,p1,p2 -model nn_keras -nnet_encoding nested -save_model_config f -mrmr_pred 0 -plots f -pred_plots f -resp_plots f -seed 10 -log_time f -nn_keras_epochs 20 -nn_keras_seq_api t -sw_coef 0.8 -new_dat ../data/smlp_toy_num_resp_mult_pred_labeled.csv

[gw1] XFAIL test_cmdline.py::Test145::test 
test_cmdline.py::Test146::test Test 146 using tmp-path: /tmp/pytest-of-mdmitry/pytest-73/popen-gw1/test15
smlp -out_dir /tmp/pytest-of-mdmitry/pytest-73/popen-gw1/test15 -pref Test146 -mode optimize -pareto t -opt_strategy lazy -model poly_sklearn -resp y1,y2 -feat p1,p2,x1,x2 -save_model t -use_model f -mrmr_pred 0 -model_per_response t -split 1 -spec ../specs/smlp_toy_system.spec -doe_spec ../grids/explore_doe_two_levels.csv -doe_algo latin_hypercube -epsilon 0.99999999 -plots f -pred_plots f -resp_plots f -seed 10 -log_time f

[gw6] PASSED test_cmdline.py::Test136::test 
test_cmdline.py::Test137::test Test 137 using tmp-path: /tmp/pytest-of-mdmitry/pytest-73/popen-gw6/test18
smlp -data ../data/smlp_toy_num_resp_mult_compressed.csv.bz2 -out_dir /tmp/pytest-of-mdmitry/pytest-73/popen-gw6/test18 -pref Test137 -mode synthesize -resp y1,y2 -feat x,p1,p2 -model dt_sklearn -dt_sklearn_max_depth 15 -tree_encoding nested -compress_rules f -save_model_config f -spec ../specs/smlp_toy_num_resp_mult_synthesize.spec -mrmr_pred 0 -plots f -pred_plots f -resp_plots f -seed 10 -log_time f -new_dat ../data/smlp_toy_num_resp_mult_pred_labeled.csv

[gw3] PASSED test_cmdline.py::Test152::test 
test_cmdline.py::Test153::test Test 153 using tmp-path: /tmp/pytest-of-mdmitry/pytest-73/popen-gw3/test21
smlp -data ../data/smlp_toy_num_resp_mult.csv -out_dir /tmp/pytest-of-mdmitry/pytest-73/popen-gw3/test21 -pref Test153 -mode predict -resp y1,y2 -feat x,p1,p2 -model nn_keras -nnet_encoding nested -save_model_config f -mrmr_pred 0 -plots f -pred_plots f -resp_plots f -seed 10 -log_time f -nn_keras_epochs 20 -nn_keras_seq_api t -nn_keras_loss logcosh -sw_coef 4 -sw_exp 5 -sw_int 0.5 -nn_keras_metrics mse -new_dat ../data/smlp_toy_num_resp_mult_pred_labeled.csv

[gw1] XFAIL test_cmdline.py::Test146::test 
test_cmdline.py::Test147::test Test 147 using tmp-path: /tmp/pytest-of-mdmitry/pytest-73/popen-gw1/test16
smlp -data ../data/smlp_toy_num_resp_mult.csv -out_dir /tmp/pytest-of-mdmitry/pytest-73/popen-gw1/test16 -pref Test147 -mode predict -resp y2 -feat x,p1,p2 -model nn_keras -nnet_encoding nested -save_model_config f -mrmr_pred 0 -plots f -pred_plots f -resp_plots f -seed 10 -log_time f -nn_keras_epochs 20 -nn_keras_seq_api t -sw_coef 0.8 -new_dat ../data/smlp_toy_num_resp_mult_pred_labeled.csv

[gw0] PASSED test_cmdline.py::Test141::test Test 142 using tmp-path: /tmp/pytest-of-mdmitry/pytest-73/popen-gw0/test17
test_cmdline.py::Test142::test 
smlp -data ../data/smlp_toy_num_resp_mult.csv -out_dir /tmp/pytest-of-mdmitry/pytest-73/popen-gw0/test17 -pref Test142 -mode optsyn -opt_strategy lazy -resp y1,y2 -feat x,p1,p2 -model rf_sklearn -rf_sklearn_max_depth 15 -tree_encoding nested -compress_rules t -save_model f -use_model f -mrmr_pred 2 -model_per_response t -spec ../specs/smlp_toy_num_resp_mult_optsyn.spec -epsilon 0.1 -delta_rel 0.05 -plots f -pred_plots f -resp_plots f -seed 10 -log_time f

[gw6] PASSED test_cmdline.py::Test137::test 
test_cmdline.py::Test138::test 
[gw6] SKIPPED test_cmdline.py::Test138::test 
test_cmdline.py::Test165::test Test 165 using tmp-path: /tmp/pytest-of-mdmitry/pytest-73/popen-gw6/test20
smlp -data ../data/smlp_toy_num_resp_mult.csv -out_dir /tmp/pytest-of-mdmitry/pytest-73/popen-gw6/test20 -pref Test165 -mode optsyn -opt_strategy lazy -resp y1,y2 -feat x,p1,p2 -model dt_caret -tree_encoding flat -save_model f -use_model f -compress_rules f -mrmr_pred 2 -spec ../specs/smlp_toy_num_resp_mult_optsyn.spec -epsilon 0.1 -delta_rel 0.05 -plots f -pred_plots f -resp_plots f -seed 10 -log_time f

[gw4] PASSED test_cmdline.py::Test128::test 
test_cmdline.py::Test159::test Test 159 using tmp-path: /tmp/pytest-of-mdmitry/pytest-73/popen-gw4/test22
smlp -data ../data/smlp_toy_num_resp_mult.csv -out_dir /tmp/pytest-of-mdmitry/pytest-73/popen-gw4/test22 -pref Test159 -mode predict -resp y1,y2 -feat x,p1,p2 -model nn_keras -nnet_encoding nested -save_model_config f -mrmr_pred 0 -plots f -pred_plots f -resp_plots f -seed 10 -log_time f -nn_keras_epochs 20 -nn_keras_seq_api t -nn_keras_loss msle -model_per_response t -sw_coef 4 -sw_exp 5 -sw_int 0.5 -nn_keras_metrics mae,cosine -new_dat ../data/smlp_toy_num_resp_mult_pred_labeled.csv

[gw5] PASSED test_cmdline.py::Test148::test 
test_cmdline.py::Test149::test Test 149 using tmp-path: /tmp/pytest-of-mdmitry/pytest-73/popen-gw5/test22
smlp -data ../data/smlp_toy_num_resp_mult.csv -out_dir /tmp/pytest-of-mdmitry/pytest-73/popen-gw5/test22 -pref Test149 -mode predict -resp y2 -feat x,p1,p2 -model nn_keras -nnet_encoding nested -save_model_config f -mrmr_pred 0 -plots f -pred_plots f -resp_plots f -seed 10 -log_time f -nn_keras_epochs 20 -nn_keras_seq_api f -nn_keras_loss mae -sw_coef 0.8 -new_dat ../data/smlp_toy_num_resp_mult_pred_labeled.csv

[gw3] PASSED test_cmdline.py::Test153::test 
test_cmdline.py::Test154::test Test 154 using tmp-path: /tmp/pytest-of-mdmitry/pytest-73/popen-gw3/test22
smlp -data ../data/smlp_toy_num_resp_mult.csv -out_dir /tmp/pytest-of-mdmitry/pytest-73/popen-gw3/test22 -pref Test154 -mode verify -resp y2 -feat x,p1,p2 -model nn_keras -nnet_encoding nested -mrmr_pred 0 -plots f -pred_plots f -resp_plots f -seed 10 -log_time f -nn_keras_epochs 20 -nn_keras_seq_api f -nn_keras_tuner hyperband -nn_keras_layers_grid '2,2;3,3,3' -save_model_config f -spec ../specs/smlp_toy_num_resp_mult_y2_verify.spec -asrt_names asrt1 -asrt_exprs '2*y2>1' -sw_coef 4 -sw_exp 5 -sw_int 0.5

[gw7] PASSED test_cmdline.py::Test96::test 
test_cmdline.py::Test97::test Test 97 using tmp-path: /tmp/pytest-of-mdmitry/pytest-73/popen-gw7/test12
smlp -data ../data/smlp_toy_num_resp_mult.csv -out_dir /tmp/pytest-of-mdmitry/pytest-73/popen-gw7/test12 -pref Test97 -mode query -resp y1,y2 -feat x,p1,p2 -model et_sklearn -et_sklearn_bootstrap f -tree_encoding nested -compress_rules f -save_model f -use_model f -mrmr_pred 2 -model_per_response t -spec ../specs/smlp_toy_num_resp_mult_query.spec -epsilon 0.1 -delta_rel 0.05 -solver_path ../../../external/mathsat-5.6.8-linux-x86_64-reentrant/bin/mathsat -plots f -pred_plots f -resp_plots f -seed 10 -log_time f

[gw2] PASSED test_cmdline.py::Test156::test 
test_cmdline.py::Test157::test Test 157 using tmp-path: /tmp/pytest-of-mdmitry/pytest-73/popen-gw2/test15
smlp -data ../data/smlp_toy_num_resp_mult.csv -out_dir /tmp/pytest-of-mdmitry/pytest-73/popen-gw2/test15 -pref Test157 -mode verify -resp y1,y2 -feat x,p1,p2 --model nn_keras -nnet_encoding nested -mrmr_pred 0 -plots f -pred_plots f -resp_plots f -seed 10 -log_time f -nn_keras_epochs 20 -nn_keras_seq_api t -nn_keras_tuner hyperband -nn_keras_layers_grid '2,2;3' -save_model_config f -spec ../specs/smlp_toy_num_resp_mult_verify.spec -asrt_names asrt1 -asrt_exprs '2*y2>1' -sw_coef 4 -sw_exp 5 -sw_int 0.5 -nn_keras_metrics rmse,logcosh

[gw1] PASSED test_cmdline.py::Test147::test 
test_cmdline.py::Test162::test 
[gw1] SKIPPED test_cmdline.py::Test162::test 
test_cmdline.py::Test163::test 
[gw1] SKIPPED test_cmdline.py::Test163::test 
test_cmdline.py::Test164::test Test 164 using tmp-path: /tmp/pytest-of-mdmitry/pytest-73/popen-gw1/test19
smlp -data ../data/smlp_toy_num_resp_mult.csv -out_dir /tmp/pytest-of-mdmitry/pytest-73/popen-gw1/test19 -pref Test164 -mode optimize -pareto t -opt_strategy lazy -resp y1,y2 -feat x,p1,p2 -model dt_sklearn -dt_sklearn_max_depth 15 -compress_rules f -tree_encoding flat -spec ../specs/smlp_toy_num_resp_mult_free_inps_beta_objv.spec -data_scaler min_max -epsilon 0.05 -delta_rel 0.01 -save_model_config f -mrmr_pred 0 -plots f -pred_plots f -resp_plots f -seed 10 -log_time f

[gw0] PASSED test_cmdline.py::Test142::test 
test_cmdline.py::Test143::test Test 143 using tmp-path: /tmp/pytest-of-mdmitry/pytest-73/popen-gw0/test18
smlp -data ../data/smlp_toy_num_resp_mult.csv -out_dir /tmp/pytest-of-mdmitry/pytest-73/popen-gw0/test18 -pref Test143 -mode query -resp y1,y2 -feat x,p1,p2 -model et_sklearn -et_sklearn_bootstrap f -tree_encoding nested -compress_rules t -save_model f -use_model f -mrmr_pred 2 -model_per_response t -spec ../specs/smlp_toy_num_resp_mult_query.spec -epsilon 0.1 -delta_rel 0.05 -solver_path ../../../external/mathsat-5.6.8-linux-x86_64-reentrant/bin/mathsat -plots f -pred_plots f -resp_plots f -seed 10 -log_time f

[gw5] PASSED test_cmdline.py::Test149::test 
test_cmdline.py::Test150::test Test 150 using tmp-path: /tmp/pytest-of-mdmitry/pytest-73/popen-gw5/test23
smlp -data ../data/smlp_toy_num_resp_mult.csv -out_dir /tmp/pytest-of-mdmitry/pytest-73/popen-gw5/test23 -pref Test150 -mode predict -resp y1,y2 -feat x,p1,p2 -model nn_keras -nnet_encoding nested -save_model_config f -mrmr_pred 0 -plots f -pred_plots f -resp_plots f -seed 10 -log_time f -nn_keras_epochs 20 -nn_keras_seq_api f -nn_keras_loss mape -sw_coef 0.8 -new_dat ../data/smlp_toy_num_resp_mult_pred_labeled.csv

[gw4] PASSED test_cmdline.py::Test159::test 
test_cmdline.py::Test160::test Test 160 using tmp-path: /tmp/pytest-of-mdmitry/pytest-73/popen-gw4/test23
smlp -data ../data/smlp_toy_num_resp_mult.csv -out_dir /tmp/pytest-of-mdmitry/pytest-73/popen-gw4/test23 -pref Test160 -mode predict -resp y1,y2 -feat x,p1,p2 -model nn_keras -nnet_encoding nested -save_model_config f -mrmr_pred 0 -plots f -pred_plots f -resp_plots f -seed 10 -log_time f -nn_keras_epochs 20 -nn_keras_seq_api f -nn_keras_loss mape -nn_keras_metrics msle -nn_keras_tuner bayesian -nn_keras_layers_grid 2,3 -nn_keras_losses_grid mse,mae,huber -model_per_response f -sw_coef 8 -sw_exp 5 -sw_int 0.5 -new_dat ../data/smlp_toy_num_resp_mult_pred_labeled.csv

[gw1] PASSED test_cmdline.py::Test164::test 
test_cmdline.py::Test168::test Test 168 using tmp-path: /tmp/pytest-of-mdmitry/pytest-73/popen-gw1/test20
smlp -data ../data/smlp_toy_num_resp_mult.csv -out_dir /tmp/pytest-of-mdmitry/pytest-73/popen-gw1/test20 -pref Test168 -mode optimize -opt_strategy lazy -resp y1,y2 -feat x,p1,p2 -model rf_caret -model_per_response t -compress_rules t -tree_encoding flat -save_model f -use_model f -mrmr_pred 2 -spec ../specs/smlp_toy_num_resp_mult_optsyn.spec -epsilon 0.1 -delta_rel 0.05 -plots f -pred_plots f -resp_plots f -seed 10 -log_time f

[gw2] PASSED test_cmdline.py::Test157::test 
test_cmdline.py::Test158::test Test 158 using tmp-path: /tmp/pytest-of-mdmitry/pytest-73/popen-gw2/test16
smlp -data ../data/smlp_toy_num_resp_mult.csv -out_dir /tmp/pytest-of-mdmitry/pytest-73/popen-gw2/test16 -pref Test158 -mode predict -resp y1,y2 -feat x,p1,p2 -model nn_keras -nnet_encoding nested -save_model_config f -mrmr_pred 0 -plots f -pred_plots f -resp_plots f -seed 10 -log_time f -nn_keras_epochs 20 -nn_keras_seq_api f -nn_keras_loss mape -model_per_response t -sw_coef 8 -sw_exp 5 -sw_int 0.5 -nn_keras_metrics rmse -new_dat ../data/smlp_toy_num_resp_mult_pred_labeled.csv

[gw6] PASSED test_cmdline.py::Test165::test 
test_cmdline.py::Test166::test Test 166 using tmp-path: /tmp/pytest-of-mdmitry/pytest-73/popen-gw6/test21
smlp -data ../data/smlp_toy_num_resp_mult.csv -out_dir /tmp/pytest-of-mdmitry/pytest-73/popen-gw6/test21 -pref Test166 -mode optsyn -opt_strategy lazy -resp y1,y2 -feat x,p1,p2 -model rf_sklearn -rf_sklearn_max_depth 4 -rf_sklearn_n_estimators 3 -tree_encoding flat -compress_rules t -save_model f -use_model f -compress_rules t -mrmr_pred 2 -model_per_response f -spec ../specs/smlp_toy_num_resp_mult_optsyn.spec -epsilon 0.1 -delta_rel 0.05 -plots f -pred_plots f -resp_plots f -seed 10 -log_time f

[gw5] PASSED test_cmdline.py::Test150::test 
test_cmdline.py::Test151::test Test 151 using tmp-path: /tmp/pytest-of-mdmitry/pytest-73/popen-gw5/test24
smlp -data ../data/smlp_toy_num_resp_mult.csv -out_dir /tmp/pytest-of-mdmitry/pytest-73/popen-gw5/test24 -pref Test151 -mode predict -resp y2 -feat x,p1,p2 -model nn_keras -nnet_encoding nested -save_model_config f -mrmr_pred 0 -plots f -pred_plots f -resp_plots f -seed 10 -log_time f -nn_keras_epochs 20 -nn_keras_seq_api f -nn_keras_loss msle -sw_coef 3 -sw_exp 10 -sw_int 0 -new_dat ../data/smlp_toy_num_resp_mult_pred_labeled.csv

[gw7] PASSED test_cmdline.py::Test97::test 
test_cmdline.py::Test98::test Test 98 using tmp-path: /tmp/pytest-of-mdmitry/pytest-73/popen-gw7/test13
smlp -data ../data/smlp_toy_num_resp_mult.csv -out_dir /tmp/pytest-of-mdmitry/pytest-73/popen-gw7/test13 -pref Test98 -mode optsyn -opt_strategy lazy -resp y1,y2 -feat x,p1,p2 -model et_caret -save_model f -use_model f -tree_encoding nested -compress_rules f -mrmr_pred 2 -model_per_response t -spec ../specs/smlp_toy_num_resp_mult_optsyn.spec -epsilon 0.1 -delta_rel 0.05 -plots f -pred_plots f -resp_plots f -seed 10 -log_time f

[gw0] PASSED test_cmdline.py::Test143::test 
test_cmdline.py::Test171::test Test 171 using tmp-path: /tmp/pytest-of-mdmitry/pytest-73/popen-gw0/test19
smlp -data ../data/smlp_toy_num_resp_mult.csv -out_dir /tmp/pytest-of-mdmitry/pytest-73/popen-gw0/test19 -pref Test171 -mode optimize -opt_strategy lazy -resp y1,y2 -feat x,p1,p2 -model et_caret -tree_encoding flat -model_per_response t -compress_rules t -save_model f -use_model f -mrmr_pred 2 -spec ../specs/smlp_toy_num_resp_mult_optsyn.spec -epsilon 0.1 -delta_rel 0.05 -plots f -pred_plots f -resp_plots f -seed 10 -log_time f

[gw2] PASSED test_cmdline.py::Test158::test 
test_cmdline.py::Test174::test Test 174 using tmp-path: /tmp/pytest-of-mdmitry/pytest-73/popen-gw2/test17
smlp -data ../data/smlp_toy_num_resp_mult.csv -out_dir /tmp/pytest-of-mdmitry/pytest-73/popen-gw2/test17 -pref Test174 -mode optsyn -opt_strategy lazy -resp y1,y2 -feat x,p1,p2 -model nn_keras -nn_keras_epochs 20 -nn_keras_seq_api f -nnet_encoding layered -save_model f -use_model f -mrmr_pred 2 -model_per_response f -spec ../specs/smlp_toy_num_resp_mult_optsyn.spec -epsilon 0.1 -delta_rel 0.05 -plots f -pred_plots f -resp_plots f -seed 10 -log_time f

[gw6] PASSED test_cmdline.py::Test166::test 
test_cmdline.py::Test167::test Test 167 using tmp-path: /tmp/pytest-of-mdmitry/pytest-73/popen-gw6/test22
smlp -data ../data/smlp_toy_num_resp_mult.csv -out_dir /tmp/pytest-of-mdmitry/pytest-73/popen-gw6/test22 -pref Test167 -mode optsyn -opt_strategy lazy -resp y1,y2 -feat x,p1,p2 -model rf_sklearn -rf_sklearn_max_depth 4 -rf_sklearn_n_estimators 3 -tree_encoding flat -compress_rules t -save_model f -use_model f -mrmr_pred 2 -model_per_response t -spec ../specs/smlp_toy_num_resp_mult_optsyn.spec -epsilon 0.1 -delta_rel 0.05 -plots f -pred_plots f -resp_plots f -seed 10 -log_time f

[gw5] PASSED test_cmdline.py::Test151::test 
[...]

[gw4] PASSED test_cmdline.py::Test193::test 
test_cmdline.py::Test201::test Test 201 using tmp-path: /tmp/pytest-of-mdmitry/pytest-73/popen-gw4/test26
smlp -data ../data/smlp_toy_num_resp_mult.csv -out_dir /tmp/pytest-of-mdmitry/pytest-73/popen-gw4/test26 -pref Test201 -mode optimize -pareto t -opt_strategy eager -resp y1,y2 -feat p1,p2 -model dt_sklearn -dt_sklearn_max_depth 15 -compress_rules f -spec ../specs/smlp_toy_num_resp_mult_no_input_beta.spec -data_scaler min_max -objv_names obj1 -objv_exprs '(y1+y2)/2' -epsilon 0.05 -delta_rel 0.01 -save_model_config f -mrmr_pred 0 -plots f -pred_plots f -resp_plots f -seed 10 -log_time f

[gw6] PASSED test_cmdline.py::Test195::test 
test_cmdline.py::Test203::test Test 203 using tmp-path: /tmp/pytest-of-mdmitry/pytest-73/popen-gw6/test30
smlp -data ../data/smlp_toy_basic.csv -out_dir /tmp/pytest-of-mdmitry/pytest-73/popen-gw6/test30 -pref Test203 -mode optimize -pareto f -opt_strategy eager -model system -resp y1,y2 -feat p1,p2 -save_model f -use_model f -mrmr_pred 0 -model_per_response t -spec ../specs/smlp_toy_system_stable_constant_synth_fail.spec -epsilon 0.00000001 -plots f -pred_plots f -resp_plots f -seed 10 -log_time f

[gw2] PASSED test_cmdline.py::Test175::test 
test_cmdline.py::Test196::test Test 196 using tmp-path: /tmp/pytest-of-mdmitry/pytest-73/popen-gw2/test19
smlp -data ../data/smlp_toy_num_resp_mult.csv -out_dir /tmp/pytest-of-mdmitry/pytest-73/popen-gw2/test19 -pref Test196 -mode optimize -pareto t -opt_strategy lazy -resp y1,y2 -feat x,p1,p2 -model dt_sklearn -dt_sklearn_max_depth 15 -compress_rules f -tree_encoding branched -scale_feat f -spec ../specs/smlp_toy_num_resp_mult_free_inps_beta_objv.spec -data_scaler min_max -epsilon 0.05 -delta_rel 0.01 -save_model_config f -mrmr_pred 0 -plots f -pred_plots f -resp_plots f -seed 10 -log_time f

[gw5] PASSED test_cmdline.py::Test198::test 
test_cmdline.py::Test204::test Test 204 using tmp-path: /tmp/pytest-of-mdmitry/pytest-73/popen-gw5/test31
smlp -data ../data/smlp_toy_basic.csv -out_dir /tmp/pytest-of-mdmitry/pytest-73/popen-gw5/test31 -pref Test204 -mode optimize -pareto t -opt_strategy eager -model system -resp y1,y2 -feat p1,p2 -save_model f -use_model f -mrmr_pred 0 -model_per_response t -spec ../specs/smlp_toy_system_stable_constant_synth_feasible.spec -epsilon 0.00000001 -plots f -pred_plots f -resp_plots f -seed 10 -log_time f

[gw1] PASSED test_cmdline.py::Test192::test 
test_cmdline.py::Test199::test Test 199 using tmp-path: /tmp/pytest-of-mdmitry/pytest-73/popen-gw1/test26
smlp -data ../data/smlp_toy_num_resp_mult.csv -out_dir /tmp/pytest-of-mdmitry/pytest-73/popen-gw1/test26 -pref Test199 -mode optimize -opt_strategy lazy -resp y1,y2 -feat x,p1,p2 -model et_sklearn -et_sklearn_max_depth 2 -et_sklearn_n_estimators 100 -et_sklearn_bootstrap f -tree_encoding branched -model_per_response f -compress_rules t -save_model f -use_model f -mrmr_pred 2 -spec ../specs/smlp_toy_num_resp_mult_optsyn.spec -epsilon 0.1 -delta_rel 0.05 -plots f -pred_plots f -resp_plots f -seed 10 -log_time f

[gw4] XFAIL test_cmdline.py::Test201::test 
test_cmdline.py::Test205::test Test 205 using tmp-path: /tmp/pytest-of-mdmitry/pytest-73/popen-gw4/test27
smlp -out_dir /tmp/pytest-of-mdmitry/pytest-73/popen-gw4/test27 -pref Test205 -mode optimize -pareto t -opt_strategy eager -model system -resp y1,y2 -feat p1,p2 -save_model f -use_model f -mrmr_pred 0 -model_per_response t -spec ../specs/smlp_toy_system_stable_constant_synth_feasible.spec -doe_spec ../grids/doe_two_levels_opt.csv -doe_algo latin_hypercube -epsilon 0.00000001 -plots f -pred_plots f -resp_plots f -seed 10 -log_time f

[gw6] PASSED test_cmdline.py::Test203::test 
test_cmdline.py::Test206::test Test 206 using tmp-path: /tmp/pytest-of-mdmitry/pytest-73/popen-gw6/test31
smlp -data ../data/smlp_toy_basic.csv -out_dir /tmp/pytest-of-mdmitry/pytest-73/popen-gw6/test31 -pref Test206 -mode optsyn -pareto t -opt_strategy eager -model system -resp y1,y2 -feat p1,p2 -save_model f -use_model f -mrmr_pred 0 -model_per_response t -spec ../specs/smlp_toy_system_stable_constant_synth_feasible.spec -epsilon 0.00000001 -plots f -pred_plots f -resp_plots f -seed 10 -log_time f

[gw5] PASSED test_cmdline.py::Test204::test 
test_cmdline.py::Test208::test 
[gw5] SKIPPED test_cmdline.py::Test208::test 
test_cmdline.py::Test212::test 
[gw5] SKIPPED test_cmdline.py::Test212::test 
test_cmdline.py::Test213::test 
[gw5] SKIPPED test_cmdline.py::Test213::test 
test_cmdline.py::Test214::test 
[gw5] SKIPPED test_cmdline.py::Test214::test 
test_cmdline.py::Test215::test Test 215 using tmp-path: /tmp/pytest-of-mdmitry/pytest-73/popen-gw5/test36
smlp -data ../data/smlp_toy_mult_discr.csv -out_dir /tmp/pytest-of-mdmitry/pytest-73/popen-gw5/test36 -pref Test215 -mode correlate -resp PF,PF1 -discr_algo uniform -discr_bins 6 -discr_labels t -discr_type object -data_scaler none -cont_est pearson,spearman,kendall -mi_method correlation -mrmr_pred 0 -plots f -seed 10 -log_time f -pos_val fail -neg_val pass

[gw0] PASSED test_cmdline.py::Test172::test 
test_cmdline.py::Test173::test Test 173 using tmp-path: /tmp/pytest-of-mdmitry/pytest-73/popen-gw0/test21
smlp -data ../data/smlp_toy_num_resp_mult.csv -out_dir /tmp/pytest-of-mdmitry/pytest-73/popen-gw0/test21 -pref Test173 -mode verify -resp y2 -feat x,p1,p2 -model nn_keras -mrmr_pred 0 -plots f -pred_plots f -resp_plots f -seed 10 -log_time f -nn_keras_epochs 20 -nn_keras_seq_api t -nnet_encoding layered -nn_keras_tuner hyperband -nn_keras_layers_grid '2,2;3,3,3' -save_model_config f -spec ../specs/smlp_toy_num_resp_mult_y2_verify.spec -asrt_names asrt1 -asrt_exprs '2*y2>1' -sw_coef 4 -sw_exp 5 -sw_int 0.5 -nn_keras_metrics mae -solver_path ../../../external/mathsat-5.6.8-linux-x86_64-reentrant/bin/mathsat

[gw4] XFAIL test_cmdline.py::Test205::test 
test_cmdline.py::Test210::test 
[gw4] SKIPPED test_cmdline.py::Test210::test 
test_cmdline.py::Test218::test Test 218 using tmp-path: /tmp/pytest-of-mdmitry/pytest-73/popen-gw4/test29
smlp -data ../data/smlp_toy_mult_discr.csv -out_dir /tmp/pytest-of-mdmitry/pytest-73/popen-gw4/test29 -pref Test218 -mode correlate -resp PF,PF1 -discr_algo uniform -discr_bins 6 -discr_labels t -discr_type ordered -data_scaler none -cont_est pearson,spearman,kendall -mi_method correlation -mrmr_pred 0 -plots f -seed 10 -log_time f -pos_val fail -neg_val pass

[gw2] PASSED test_cmdline.py::Test196::test 
test_cmdline.py::Test207::test 
[gw2] SKIPPED test_cmdline.py::Test207::test 
test_cmdline.py::Test220::test Test 220 using tmp-path: /tmp/pytest-of-mdmitry/pytest-73/popen-gw2/test21
smlp -data ../data/smlp_toy_mult_discr.csv -out_dir /tmp/pytest-of-mdmitry/pytest-73/popen-gw2/test21 -pref Test220 -mode correlate -resp PF,PF1 -discr_algo uniform -discr_bins 6 -discr_labels t -discr_type object -data_scaler none -cont_est pearson,spearman,kendall -mi_method normalized -mrmr_pred 0 -plots f -seed 10 -log_time f -pos_val fail -neg_val pass

[gw6] PASSED test_cmdline.py::Test206::test 
test_cmdline.py::Test211::test 
[gw6] SKIPPED test_cmdline.py::Test211::test 
test_cmdline.py::Test222::test Test 222 using tmp-path: /tmp/pytest-of-mdmitry/pytest-73/popen-gw6/test33
smlp -data ../data/smlp_toy_mult_discr.csv -out_dir /tmp/pytest-of-mdmitry/pytest-73/popen-gw6/test33 -pref Test222 -mode correlate -resp PF,PF1 -discr_algo uniform -discr_bins 6 -discr_labels t -discr_type object -data_scaler none -cont_est pearson,spearman,kendall -mi_method adjusted -mrmr_pred 0 -plots f -seed 10 -log_time f -pos_val fail -neg_val pass

[gw5] PASSED test_cmdline.py::Test215::test 
test_cmdline.py::Test216::test Test 216 using tmp-path: /tmp/pytest-of-mdmitry/pytest-73/popen-gw5/test37
smlp -data ../data/smlp_toy_basic.csv -out_dir /tmp/pytest-of-mdmitry/pytest-73/popen-gw5/test37 -pref Test216 -mode correlate -resp y1,y2 -discr_algo uniform -discr_bins 6 -discr_labels t -discr_type object -data_scaler none -cont_est pearson,spearman,kendall -mi_method correlation -mrmr_pred 0 -plots f -seed 10 -log_time f

[gw4] PASSED test_cmdline.py::Test218::test 
test_cmdline.py::Test219::test Test 219 using tmp-path: /tmp/pytest-of-mdmitry/pytest-73/popen-gw4/test30
smlp -data ../data/smlp_toy_mult_discr.csv -out_dir /tmp/pytest-of-mdmitry/pytest-73/popen-gw4/test30 -pref Test219 -mode correlate -resp PF,PF1 -discr_algo uniform -discr_bins 6 -discr_labels t -discr_type integer -data_scaler none -cont_est pearson,spearman,kendall -mi_method correlation -mrmr_pred 0 -plots f -seed 10 -log_time f -pos_val fail -neg_val pass

[gw2] PASSED test_cmdline.py::Test220::test 
test_cmdline.py::Test221::test Test 221 using tmp-path: /tmp/pytest-of-mdmitry/pytest-73/popen-gw2/test22
smlp -data ../data/smlp_toy_mult_discr.csv -out_dir /tmp/pytest-of-mdmitry/pytest-73/popen-gw2/test22 -pref Test221 -mode correlate -resp PF,PF1 -discr_algo uniform -discr_bins 6 -discr_labels t -discr_type object -data_scaler none -cont_est pearson,spearman,kendall -mi_method shannon -mrmr_pred 0 -plots f -seed 10 -log_time f -pos_val fail -neg_val pass

[gw6] PASSED test_cmdline.py::Test222::test 
test_cmdline.py::Test223::test Test 223 using tmp-path: /tmp/pytest-of-mdmitry/pytest-73/popen-gw6/test34
smlp -data ../data/smlp_toy_basic.csv -out_dir /tmp/pytest-of-mdmitry/pytest-73/popen-gw6/test34 -pref Test223 -mode correlate -resp y1,y2 -discr_algo uniform -discr_bins 6 -discr_labels t -discr_type object -data_scaler none -cont_est pearson,spearman,kendall -mi_method normalized -mrmr_pred 0 -plots f -seed 10 -log_time f

[gw1] PASSED test_cmdline.py::Test199::test 
test_cmdline.py::Test209::test 
[gw1] SKIPPED test_cmdline.py::Test209::test 
test_cmdline.py::Test228::test Test 228 using tmp-path: /tmp/pytest-of-mdmitry/pytest-73/popen-gw1/test28
smlp -data ../data/smlp_toy_basic.csv -out_dir /tmp/pytest-of-mdmitry/pytest-73/popen-gw1/test28 -pref Test228 -mode certify -resp y1,y2 -feat x1,x2,p1,p2 -model system -save_model f -use_model f -mrmr_pred 2 -model_per_response t -spec ../specs/smlp_toy_system_radii_update_certify.spec -rad_rel 0.005 -rad_abs 0 -plots f -pred_plots f -resp_plots f -seed 10 -log_time f

[gw5] PASSED test_cmdline.py::Test216::test 
test_cmdline.py::Test224::test Test 224 using tmp-path: /tmp/pytest-of-mdmitry/pytest-73/popen-gw5/test38
smlp -data ../data/smlp_toy_basic.csv -out_dir /tmp/pytest-of-mdmitry/pytest-73/popen-gw5/test38 -pref Test224 -mode correlate -resp y1,y2 -discr_algo uniform -discr_bins 6 -discr_labels t -discr_type object -data_scaler none -cont_est pearson,spearman,kendall -mi_method shannon -mrmr_pred 0 -plots f -seed 10 -log_time f

[gw4] PASSED test_cmdline.py::Test219::test 
test_cmdline.py::Test225::test Test 225 using tmp-path: /tmp/pytest-of-mdmitry/pytest-73/popen-gw4/test31
smlp -data ../data/smlp_toy_basic.csv -out_dir /tmp/pytest-of-mdmitry/pytest-73/popen-gw4/test31 -pref Test225 -mode correlate -resp y1,y2 -discr_algo uniform -discr_bins 6 -discr_labels t -discr_type object -data_scaler none -cont_est pearson,spearman,kendall -mi_method adjusted -mrmr_pred 0 -plots f -seed 10 -log_time f

[gw1] PASSED test_cmdline.py::Test228::test 
test_cmdline.py::Test229::test Test 229 using tmp-path: /tmp/pytest-of-mdmitry/pytest-73/popen-gw1/test29
smlp -data ../data/smlp_toy_basic.csv -out_dir /tmp/pytest-of-mdmitry/pytest-73/popen-gw1/test29 -pref Test229 -mode certify -resp y1,y2 -feat x1,x2,p1,p2 -model system -save_model f -use_model f -mrmr_pred 2 -model_per_response t -spec ../specs/smlp_toy_missing_radii.spec -rad_rel 0.005 -rad_abs 0 -plots f -pred_plots f -resp_plots f -seed 10 -log_time f

[gw2] PASSED test_cmdline.py::Test221::test 
test_cmdline.py::Test226::test Test 226 using tmp-path: /tmp/pytest-of-mdmitry/pytest-73/popen-gw2/test23
smlp -data ../data/smlp_toy_basic.csv -out_dir /tmp/pytest-of-mdmitry/pytest-73/popen-gw2/test23 -pref Test226 -mode correlate -resp y1,y2 -discr_algo uniform -discret_num t -discr_bins 6 -discr_labels t -discr_type object -data_scaler none -cont_est pearson,spearman,kendall -mi_method correlation -mrmr_pred 0 -plots f -seed 10 -log_time f

[gw6] PASSED test_cmdline.py::Test223::test 
test_cmdline.py::Test227::test Test 227 using tmp-path: /tmp/pytest-of-mdmitry/pytest-73/popen-gw6/test35
smlp -data ../data/smlp_toy_basic.csv -out_dir /tmp/pytest-of-mdmitry/pytest-73/popen-gw6/test35 -pref Test227 -mode correlate -resp y1,y2 -discr_algo uniform -discret_num t -discr_bins 6 -discr_labels t -discr_type object -data_scaler none -cont_est pearson,spearman,kendall -mi_method normalized -mrmr_pred 0 -plots f -seed 10 -log_time f

[gw1] XFAIL test_cmdline.py::Test229::test 
test_cmdline.py::Test232::test Test 232 using tmp-path: /tmp/pytest-of-mdmitry/pytest-73/popen-gw1/test30
smlp -data ../data/smlp_toy_system_running_example_certify.csv -out_dir /tmp/pytest-of-mdmitry/pytest-73/popen-gw1/test30 -pref Test232 -mode certify -spec ../specs/smlp_toy_system_running_example_certify.spec -model system -seed 10 -log_time f

[gw5] PASSED test_cmdline.py::Test224::test 
test_cmdline.py::Test230::test Test 230 using tmp-path: /tmp/pytest-of-mdmitry/pytest-73/popen-gw5/test39
smlp -data ../data/smlp_toy_monotone_basic.csv -out_dir /tmp/pytest-of-mdmitry/pytest-73/popen-gw5/test39 -pref Test230 -mode verify -spec ../specs/smlp_toy_system_monotone_knob.05_verify.spec -model system -seed 10 -log_time f

[gw2] PASSED test_cmdline.py::Test226::test 
test_cmdline.py::Test233::test Test 233 using tmp-path: /tmp/pytest-of-mdmitry/pytest-73/popen-gw2/test24
smlp -data ../data/smlp_toy_string_response.csv -out_dir /tmp/pytest-of-mdmitry/pytest-73/popen-gw2/test24 -pref Test233 -mode subgroups -resp str_resp1 -feat num,int,str -pos_val no -neg_val yes -seed 10 -log_time f

[gw4] PASSED test_cmdline.py::Test225::test 
test_cmdline.py::Test231::test Test 231 using tmp-path: /tmp/pytest-of-mdmitry/pytest-73/popen-gw4/test32
smlp -data ../data/smlp_toy_monotone_basic.csv -out_dir /tmp/pytest-of-mdmitry/pytest-73/popen-gw4/test32 -pref Test231 -mode certify -spec ../specs/smlp_toy_system_decreasing_knob.05_certify.spec -model system -seed 10 -log_time f

[gw6] PASSED test_cmdline.py::Test227::test 
test_cmdline.py::Test234::test Test 234 using tmp-path: /tmp/pytest-of-mdmitry/pytest-73/popen-gw6/test36
smlp -data ../data/smlp_toy_string_response.csv -out_dir /tmp/pytest-of-mdmitry/pytest-73/popen-gw6/test36 -pref Test234 -mode subgroups -resp str_resp1,str_resp2 -feat num,int,str -pos_val no -neg_val yes -seed 10 -log_time f

[gw3] PASSED test_cmdline.py::Test155::test 
test_cmdline.py::Test194::test Test 194 using tmp-path: /tmp/pytest-of-mdmitry/pytest-73/popen-gw3/test24
smlp -data ../data/smlp_toy_num_resp_mult.csv -out_dir /tmp/pytest-of-mdmitry/pytest-73/popen-gw3/test24 -pref Test194 -mode optsyn -resp y1,y2 -feat x,p1,p2 -model rf_sklearn -rf_sklearn_max_depth 4 -rf_sklearn_n_estimators 3 -tree_encoding branched -compress_rules t -save_model f -use_model f -mrmr_pred 2 -model_per_response t -spec ../specs/smlp_toy_num_resp_mult_optsyn.spec -epsilon 0.1 -delta_rel 0.05 -plots f -pred_plots f -resp_plots f -seed 10 -log_time f

[gw1] PASSED test_cmdline.py::Test232::test 
[gw2] PASSED test_cmdline.py::Test233::test 
[gw6] PASSED test_cmdline.py::Test234::test 
[gw4] PASSED test_cmdline.py::Test231::test 
[gw5] PASSED test_cmdline.py::Test230::test 
[gw3] PASSED test_cmdline.py::Test194::test 
[gw0] PASSED test_cmdline.py::Test173::test 
test_cmdline.py::Test217::test Test 217 using tmp-path: /tmp/pytest-of-mdmitry/pytest-73/popen-gw0/test22
smlp -data ../data/smlp_toy_mult_discr.csv -out_dir /tmp/pytest-of-mdmitry/pytest-73/popen-gw0/test22 -pref Test217 -mode correlate -resp PF,PF1 -discr_algo uniform -discr_bins 6 -discr_labels t -discr_type category -data_scaler none -cont_est pearson,spearman,kendall -mi_method correlation -mrmr_pred 0 -plots f -seed 10 -log_time f -pos_val fail -neg_val pass

[gw0] PASSED test_cmdline.py::Test217::test 
[gw7] PASSED test_cmdline.py::Test200::test 
test_cmdline.py::Test202::test Test 202 using tmp-path: /tmp/pytest-of-mdmitry/pytest-73/popen-gw7/test19
smlp -data ../data/smlp_toy_num_resp_mult.csv -out_dir /tmp/pytest-of-mdmitry/pytest-73/popen-gw7/test19 -pref Test202 -mode optimize -pareto t -opt_strategy eager -resp y1,y2 -feat p1,p2 -model dt_sklearn -dt_sklearn_max_depth 15 -compress_rules f -spec ../specs/smlp_toy_num_resp_mult_no_input.spec -data_scaler min_max -objv_names obj1 -objv_exprs '(y1+y2)/2' -epsilon 0.05 -delta_rel 0.01 -save_model_config f -mrmr_pred 0 -plots f -pred_plots f -resp_plots f -seed 10 -log_time f

[gw7] XFAIL test_cmdline.py::Test202::test 

=============================== warnings summary ===============================
regr_smlp/code/test_cmdline.py: 17 warnings
  /home/mdmitry/github/smlp_regr-pytest_my/scripts/venv/smlp_package_venv/smlp/regr_smlp/code/lib.py:149: UserWarning: path for option -data does not exist: ../data/smlp_toy_num_resp_noknobs.csv
    warnings.warn(f'path for option {o} does not exist: {datapath}')

regr_smlp/code/test_cmdline.py::Test5::test
regr_smlp/code/test_cmdline.py::Test92::test
regr_smlp/code/test_cmdline.py::Test87::test
  /home/mdmitry/github/smlp_regr-pytest_my/scripts/venv/smlp_package_venv/smlp/regr_smlp/code/lib.py:292: UserWarning: -save_model t specified in args but no -model_name given
    warnings.warn(f'-save_model {o} specified in args but no -model_name given')

regr_smlp/code/test_cmdline.py::Test74::test
regr_smlp/code/test_cmdline.py::Test75::test
  /home/mdmitry/github/smlp_regr-pytest_my/scripts/venv/smlp_package_venv/smlp/regr_smlp/code/lib.py:149: UserWarning: path for option -new_dat does not exist: ../data/smlp_toy_num_resp_noknobs_pred_labeled.csv
    warnings.warn(f'path for option {o} does not exist: {datapath}')

regr_smlp/code/test_cmdline.py::Test130::test
regr_smlp/code/test_cmdline.py::Test131::test
regr_smlp/code/test_cmdline.py::Test132::test
regr_smlp/code/test_cmdline.py::Test133::test
regr_smlp/code/test_cmdline.py::Test134::test
regr_smlp/code/test_cmdline.py::Test135::test
regr_smlp/code/test_cmdline.py::Test138::test
  /home/mdmitry/github/smlp_regr-pytest_my/scripts/venv/smlp_package_venv/smlp/regr_smlp/code/lib.py:149: UserWarning: path for option -data does not exist: ../data/smlp_toy_const_input.csv
    warnings.warn(f'path for option {o} does not exist: {datapath}')

regr_smlp/code/test_cmdline.py::Test208::test
regr_smlp/code/test_cmdline.py::Test207::test
  /home/mdmitry/github/smlp_regr-pytest_my/scripts/venv/smlp_package_venv/smlp/regr_smlp/code/lib.py:149: UserWarning: path for option -data does not exist: ../data/smlp_toy_frontier_beta.csv
    warnings.warn(f'path for option {o} does not exist: {datapath}')

regr_smlp/code/test_cmdline.py::Test212::test
regr_smlp/code/test_cmdline.py::Test209::test
  /home/mdmitry/github/smlp_regr-pytest_my/scripts/venv/smlp_package_venv/smlp/regr_smlp/code/lib.py:149: UserWarning: path for option -data does not exist: ../data/smlp_toy_frontier_null_bounds_int.csv
    warnings.warn(f'path for option {o} does not exist: {datapath}')

regr_smlp/code/test_cmdline.py::Test213::test
regr_smlp/code/test_cmdline.py::Test214::test
regr_smlp/code/test_cmdline.py::Test210::test
regr_smlp/code/test_cmdline.py::Test211::test
  /home/mdmitry/github/smlp_regr-pytest_my/scripts/venv/smlp_package_venv/smlp/regr_smlp/code/lib.py:149: UserWarning: path for option -data does not exist: ../data/smlp_toy_frontier_null_bounds_empty.csv
    warnings.warn(f'path for option {o} does not exist: {datapath}')

-- Docs: https://docs.pytest.org/en/stable/how-to/capture-warnings.html
==== 188 passed, 34 skipped, 12 xfailed, 37 warnings in 1694.04s (0:28:14) =====
